The system is: Linux - 3.10.0-1160.119.1.el7.x86_64 - x86_64
Compiling the CXX compiler identification source file "CMakeCXXCompilerId.cpp" succeeded.
Compiler: /opt/ssoft/apps/2021.1/linux-centos7-x86_64/gcc-4.8.5/gcc-9.3.0-hcdyg64/bin/g++ 
Build flags: 
Id flags:  

The output was:
0


Compilation of the CXX compiler identification source "CMakeCXXCompilerId.cpp" produced "a.out"

The CXX compiler identification is GNU, found in "/Users/jkitzmann/APPIL/03_tools/FrequencyAnalysis/build/CMakeFiles/3.20.0/CompilerIdCXX/a.out"

Detecting CXX compiler ABI info compiled with the following output:
Change Dir: /Users/jkitzmann/APPIL/03_tools/FrequencyAnalysis/build/CMakeFiles/CMakeTmp

Run Build Command(s):/usr/bin/gmake -f Makefile cmTC_6619f/fast && /usr/bin/gmake  -f CMakeFiles/cmTC_6619f.dir/build.make CMakeFiles/cmTC_6619f.dir/build
gmake[1]: Entering directory `/old_Users/jkitzmann/APPIL/03_tools/FrequencyAnalysis/build/CMakeFiles/CMakeTmp'
Building CXX object CMakeFiles/cmTC_6619f.dir/CMakeCXXCompilerABI.cpp.o
/opt/ssoft/apps/2021.1/linux-centos7-x86_64/gcc-4.8.5/gcc-9.3.0-hcdyg64/bin/g++   -v -o CMakeFiles/cmTC_6619f.dir/CMakeCXXCompilerABI.cpp.o -c /cvmfs/argon-private.hpc.uiowa.edu/ssoft/apps/2021.1/linux-centos7-broadwell/gcc-9.3.0/cmake-3.20.0-xbgm6ur/share/cmake-3.20/Modules/CMakeCXXCompilerABI.cpp
Reading specs from /cvmfs/argon-private.hpc.uiowa.edu/ssoft/apps/2021.1/linux-centos7-x86_64/gcc-4.8.5/gcc-9.3.0-hcdyg64/bin/../lib/gcc/x86_64-pc-linux-gnu/9.3.0/specs
COLLECT_GCC=/opt/ssoft/apps/2021.1/linux-centos7-x86_64/gcc-4.8.5/gcc-9.3.0-hcdyg64/bin/g++
Target: x86_64-pc-linux-gnu
Configured with: /dev/shm/gpjohnsn/spack-stage-gcc-9.3.0-hcdyg64ajadrumevpvh3qudlfypcd3wt/spack-src/configure --prefix=/opt/ssoft/apps/2021.1/linux-centos7-x86_64/gcc-4.8.5/gcc-9.3.0-hcdyg64 --with-pkgversion='Spack GCC' --with-bugurl=https://github.com/spack/spack/issues --disable-multilib --enable-languages=c,c++,fortran --disable-nls --with-system-zlib --with-mpfr-include=/opt/ssoft/apps/2021.1/linux-centos7-x86_64/gcc-4.8.5/mpfr-3.1.6-xydh3uy/include --with-mpfr-lib=/opt/ssoft/apps/2021.1/linux-centos7-x86_64/gcc-4.8.5/mpfr-3.1.6-xydh3uy/lib --with-gmp-include=/opt/ssoft/apps/2021.1/linux-centos7-x86_64/gcc-4.8.5/gmp-6.2.1-2a7lf66/include --with-gmp-lib=/opt/ssoft/apps/2021.1/linux-centos7-x86_64/gcc-4.8.5/gmp-6.2.1-2a7lf66/lib --with-mpc-include=/opt/ssoft/apps/2021.1/linux-centos7-x86_64/gcc-4.8.5/mpc-1.1.0-as25tue/include --with-mpc-lib=/opt/ssoft/apps/2021.1/linux-centos7-x86_64/gcc-4.8.5/mpc-1.1.0-as25tue/lib --without-isl --with-stage1-ldflags='-Wl,-rpath,/opt/ssoft/apps/2021.1/linux-centos7-x86_64/gcc-4.8.5/gcc-9.3.0-hcdyg64/lib -Wl,-rpath,/opt/ssoft/apps/2021.1/linux-centos7-x86_64/gcc-4.8.5/gcc-9.3.0-hcdyg64/lib64 -Wl,-rpath,/opt/ssoft/apps/2021.1/linux-centos7-x86_64/gcc-4.8.5/gmp-6.2.1-2a7lf66/lib -Wl,-rpath,/opt/ssoft/apps/2021.1/linux-centos7-x86_64/gcc-4.8.5/mpc-1.1.0-as25tue/lib -Wl,-rpath,/opt/ssoft/apps/2021.1/linux-centos7-x86_64/gcc-4.8.5/mpfr-3.1.6-xydh3uy/lib -Wl,-rpath,/opt/ssoft/apps/2021.1/linux-centos7-x86_64/gcc-4.8.5/zlib-1.2.11-64vg6e4/lib' --with-boot-ldflags='-Wl,-rpath,/opt/ssoft/apps/2021.1/linux-centos7-x86_64/gcc-4.8.5/gcc-9.3.0-hcdyg64/lib -Wl,-rpath,/opt/ssoft/apps/2021.1/linux-centos7-x86_64/gcc-4.8.5/gcc-9.3.0-hcdyg64/lib64 -Wl,-rpath,/opt/ssoft/apps/2021.1/linux-centos7-x86_64/gcc-4.8.5/gmp-6.2.1-2a7lf66/lib -Wl,-rpath,/opt/ssoft/apps/2021.1/linux-centos7-x86_64/gcc-4.8.5/mpc-1.1.0-as25tue/lib -Wl,-rpath,/opt/ssoft/apps/2021.1/linux-centos7-x86_64/gcc-4.8.5/mpfr-3.1.6-xydh3uy/lib -Wl,-rpath,/opt/ssoft/apps/2021.1/linux-centos7-x86_64/gcc-4.8.5/zlib-1.2.11-64vg6e4/lib -static-libstdc++ -static-libgcc'
Thread model: posix
gcc version 9.3.0 (Spack GCC) 
COLLECT_GCC_OPTIONS='-v' '-o' 'CMakeFiles/cmTC_6619f.dir/CMakeCXXCompilerABI.cpp.o' '-c' '-shared-libgcc' '-mtune=generic' '-march=x86-64'
 /cvmfs/argon-private.hpc.uiowa.edu/ssoft/apps/2021.1/linux-centos7-x86_64/gcc-4.8.5/gcc-9.3.0-hcdyg64/bin/../libexec/gcc/x86_64-pc-linux-gnu/9.3.0/cc1plus -quiet -v -iprefix /cvmfs/argon-private.hpc.uiowa.edu/ssoft/apps/2021.1/linux-centos7-x86_64/gcc-4.8.5/gcc-9.3.0-hcdyg64/bin/../lib/gcc/x86_64-pc-linux-gnu/9.3.0/ -D_GNU_SOURCE /cvmfs/argon-private.hpc.uiowa.edu/ssoft/apps/2021.1/linux-centos7-broadwell/gcc-9.3.0/cmake-3.20.0-xbgm6ur/share/cmake-3.20/Modules/CMakeCXXCompilerABI.cpp -quiet -dumpbase CMakeCXXCompilerABI.cpp -mtune=generic -march=x86-64 -auxbase-strip CMakeFiles/cmTC_6619f.dir/CMakeCXXCompilerABI.cpp.o -version -o /localscratch/cc7zcKlF.s
GNU C++14 (Spack GCC) version 9.3.0 (x86_64-pc-linux-gnu)
	compiled by GNU C version 9.3.0, GMP version 6.2.1, MPFR version 3.1.6-p2, MPC version 1.1.0, isl version none
GGC heuristics: --param ggc-min-expand=100 --param ggc-min-heapsize=131072
ignoring nonexistent directory "/cvmfs/argon-private.hpc.uiowa.edu/ssoft/apps/2021.1/linux-centos7-x86_64/gcc-4.8.5/gcc-9.3.0-hcdyg64/bin/../lib/gcc/x86_64-pc-linux-gnu/9.3.0/../../../../x86_64-pc-linux-gnu/include"
ignoring duplicate directory "/cvmfs/argon-private.hpc.uiowa.edu/ssoft/apps/2021.1/linux-centos7-x86_64/gcc-4.8.5/gcc-9.3.0-hcdyg64/bin/../lib/gcc/../../lib/gcc/x86_64-pc-linux-gnu/9.3.0/../../../../include/c++/9.3.0"
ignoring duplicate directory "/cvmfs/argon-private.hpc.uiowa.edu/ssoft/apps/2021.1/linux-centos7-x86_64/gcc-4.8.5/gcc-9.3.0-hcdyg64/bin/../lib/gcc/../../lib/gcc/x86_64-pc-linux-gnu/9.3.0/../../../../include/c++/9.3.0/x86_64-pc-linux-gnu"
ignoring duplicate directory "/cvmfs/argon-private.hpc.uiowa.edu/ssoft/apps/2021.1/linux-centos7-x86_64/gcc-4.8.5/gcc-9.3.0-hcdyg64/bin/../lib/gcc/../../lib/gcc/x86_64-pc-linux-gnu/9.3.0/../../../../include/c++/9.3.0/backward"
ignoring duplicate directory "/cvmfs/argon-private.hpc.uiowa.edu/ssoft/apps/2021.1/linux-centos7-x86_64/gcc-4.8.5/gcc-9.3.0-hcdyg64/bin/../lib/gcc/../../lib/gcc/x86_64-pc-linux-gnu/9.3.0/include"
ignoring duplicate directory "/cvmfs/argon-private.hpc.uiowa.edu/ssoft/apps/2021.1/linux-centos7-x86_64/gcc-4.8.5/gcc-9.3.0-hcdyg64/bin/../lib/gcc/../../lib/gcc/x86_64-pc-linux-gnu/9.3.0/include-fixed"
ignoring nonexistent directory "/cvmfs/argon-private.hpc.uiowa.edu/ssoft/apps/2021.1/linux-centos7-x86_64/gcc-4.8.5/gcc-9.3.0-hcdyg64/bin/../lib/gcc/../../lib/gcc/x86_64-pc-linux-gnu/9.3.0/../../../../x86_64-pc-linux-gnu/include"
#include "..." search starts here:
#include <...> search starts here:
 /usr/share/apps/2021.1/arch/gcc-9.3.0/intel-mkl-2020.4.304/compilers_and_libraries_2020.4.304/linux/mkl/include
 /usr/share/apps/2021.1/arch/gcc-9.3.0/eigen-3.3.9/include/eigen3
 /usr/share/apps/2021.1/arch/gcc-9.3.0/fftw-3.3.9/include
 /usr/share/apps/2021.1/arch/gcc-9.3.0/itk-5.1.2/include
 /usr/share/apps/2021.1/arch/gcc-9.3.0/libtiff-4.1.0/include
 /usr/share/apps/2021.1/arch/gcc-9.3.0/libpng-1.6.37/include
 /usr/share/apps/2021.1/arch/gcc-9.3.0/libjpeg-turbo-2.0.6/include
 /usr/share/apps/2021.1/arch/gcc-9.3.0/hdf5-1.10.7-mpi/include
 /usr/share/apps/2021.1/arch/gcc-9.3.0/openmpi-4.0.5/include
 /usr/share/apps/2021.1/arch/gcc-9.3.0/libedit-3.1-20210216/include
 /usr/share/apps/2021.1/arch/gcc-9.3.0/libfabric-1.12.1/include
 /usr/share/apps/2021.1/arch/gcc-9.3.0/ucx-1.10.0/include
 /usr/share/apps/2021.1/arch/gcc-4.8.5/rdma-core-34.0/include
 /usr/share/apps/2021.1/arch/gcc-4.8.5/psm-3.3/include
 /usr/share/apps/2021.1/arch/gcc-4.8.5/opa-psm2-11.2.185/include
 /usr/share/apps/2021.1/arch/gcc-9.3.0/libevent-2.1.12/include
 /usr/share/apps/2021.1/arch/gcc-9.3.0/hwloc-2.4.1/include
 /usr/share/apps/2021.1/arch/gcc-9.3.0/libxml2-2.9.10/include
 /usr/share/apps/2021.1/arch/gcc-9.3.0/xz-5.2.5/include
 /usr/share/apps/2021.1/arch/gcc-9.3.0/libiconv-1.16/include
 /usr/share/apps/2021.1/arch/gcc-9.3.0/libpciaccess-0.16/include
 /usr/share/apps/2021.1/arch/gcc-9.3.0/numactl-2.0.14/include
 /usr/share/apps/2021.1/arch/gcc-9.3.0/libszip-2.1.1/include
 /usr/share/apps/2021.1/arch/gcc-9.3.0/googletest-1.10.0/include
 /usr/share/apps/2021.1/arch/gcc-9.3.0/expat-2.2.10/include
 /usr/share/apps/2021.1/arch/gcc-9.3.0/libbsd-0.10.0/include
 /usr/share/apps/2021.1/arch/gcc-9.3.0/eigen-3.3.9/include
 /usr/share/apps/2021.1/arch/gcc-9.3.0/openssl-1.1.1k/include
 /usr/share/apps/2021.1/arch/gcc-9.3.0/zlib-1.2.11/include
 /usr/share/apps/2021.1/arch/gcc-9.3.0/ncurses-6.2/include
 /cvmfs/argon-private.hpc.uiowa.edu/ssoft/apps/2021.1/linux-centos7-x86_64/gcc-4.8.5/gcc-9.3.0-hcdyg64/bin/../lib/gcc/x86_64-pc-linux-gnu/9.3.0/../../../../include/c++/9.3.0
 /cvmfs/argon-private.hpc.uiowa.edu/ssoft/apps/2021.1/linux-centos7-x86_64/gcc-4.8.5/gcc-9.3.0-hcdyg64/bin/../lib/gcc/x86_64-pc-linux-gnu/9.3.0/../../../../include/c++/9.3.0/x86_64-pc-linux-gnu
 /cvmfs/argon-private.hpc.uiowa.edu/ssoft/apps/2021.1/linux-centos7-x86_64/gcc-4.8.5/gcc-9.3.0-hcdyg64/bin/../lib/gcc/x86_64-pc-linux-gnu/9.3.0/../../../../include/c++/9.3.0/backward
 /cvmfs/argon-private.hpc.uiowa.edu/ssoft/apps/2021.1/linux-centos7-x86_64/gcc-4.8.5/gcc-9.3.0-hcdyg64/bin/../lib/gcc/x86_64-pc-linux-gnu/9.3.0/include
 /cvmfs/argon-private.hpc.uiowa.edu/ssoft/apps/2021.1/linux-centos7-x86_64/gcc-4.8.5/gcc-9.3.0-hcdyg64/bin/../lib/gcc/x86_64-pc-linux-gnu/9.3.0/include-fixed
 /usr/local/include
 /cvmfs/argon-private.hpc.uiowa.edu/ssoft/apps/2021.1/linux-centos7-x86_64/gcc-4.8.5/gcc-9.3.0-hcdyg64/bin/../lib/gcc/../../include
 /usr/include
End of search list.
GNU C++14 (Spack GCC) version 9.3.0 (x86_64-pc-linux-gnu)
	compiled by GNU C version 9.3.0, GMP version 6.2.1, MPFR version 3.1.6-p2, MPC version 1.1.0, isl version none
GGC heuristics: --param ggc-min-expand=100 --param ggc-min-heapsize=131072
Compiler executable checksum: f3f7e4627e59291bedc776a4eb3e2f62
COLLECT_GCC_OPTIONS='-v' '-o' 'CMakeFiles/cmTC_6619f.dir/CMakeCXXCompilerABI.cpp.o' '-c' '-shared-libgcc' '-mtune=generic' '-march=x86-64'
 as -v --64 -o CMakeFiles/cmTC_6619f.dir/CMakeCXXCompilerABI.cpp.o /localscratch/cc7zcKlF.s
GNU assembler version 2.27 (x86_64-redhat-linux) using BFD version version 2.27-44.base.el7_9.1
COMPILER_PATH=/cvmfs/argon-private.hpc.uiowa.edu/ssoft/apps/2021.1/linux-centos7-x86_64/gcc-4.8.5/gcc-9.3.0-hcdyg64/bin/../libexec/gcc/x86_64-pc-linux-gnu/9.3.0/:/cvmfs/argon-private.hpc.uiowa.edu/ssoft/apps/2021.1/linux-centos7-x86_64/gcc-4.8.5/gcc-9.3.0-hcdyg64/bin/../libexec/gcc/
LIBRARY_PATH=/cvmfs/argon-private.hpc.uiowa.edu/ssoft/apps/2021.1/linux-centos7-x86_64/gcc-4.8.5/gcc-9.3.0-hcdyg64/bin/../lib/gcc/x86_64-pc-linux-gnu/9.3.0/:/cvmfs/argon-private.hpc.uiowa.edu/ssoft/apps/2021.1/linux-centos7-x86_64/gcc-4.8.5/gcc-9.3.0-hcdyg64/bin/../lib/gcc/:/usr/share/apps/2021.1/arch/gcc-9.3.0/libjpeg-turbo-2.0.6/lib64/../lib64/:/usr/share/apps/2021.1/arch/gcc-4.8.5/rdma-core-34.0/lib64/../lib64/:/usr/share/apps/2021.1/arch/gcc-4.8.5/rdma-core-34.0/lib/../lib64/:/usr/share/apps/2021.1/arch/gcc-4.8.5/psm-3.3/lib64/../lib64/:/usr/share/apps/2021.1/arch/gcc-9.3.0/googletest-1.10.0/lib64/../lib64/:/cvmfs/argon-private.hpc.uiowa.edu/ssoft/apps/2021.1/linux-centos7-x86_64/gcc-4.8.5/gcc-9.3.0-hcdyg64/bin/../lib/gcc/x86_64-pc-linux-gnu/9.3.0/../../../../lib64/:/lib/../lib64/:/usr/lib/../lib64/:/usr/share/apps/2021.1/arch/gcc-9.3.0/fftw-3.3.9/lib/:/usr/share/apps/2021.1/arch/gcc-9.3.0/itk-5.1.2/lib/:/usr/share/apps/2021.1/arch/gcc-9.3.0/libtiff-4.1.0/lib/:/usr/share/apps/2021.1/arch/gcc-9.3.0/libpng-1.6.37/lib/:/usr/share/apps/2021.1/arch/gcc-9.3.0/libjpeg-turbo-2.0.6/lib64/:/usr/share/apps/2021.1/arch/gcc-9.3.0/intel-mkl-2020.4.304/compilers_and_libraries_2020.4.304/linux/compiler/lib/intel64_lin/:/usr/share/apps/2021.1/arch/gcc-9.3.0/intel-mkl-2020.4.304/compilers_and_libraries_2020.4.304/linux/mkl/lib/intel64_lin/:/usr/share/apps/2021.1/arch/gcc-9.3.0/intel-mkl-2020.4.304/lib/:/usr/share/apps/2021.1/arch/gcc-9.3.0/hdf5-1.10.7-mpi/lib/:/usr/share/apps/2021.1/arch/gcc-9.3.0/openmpi-4.0.5/lib/:/usr/share/apps/2021.1/arch/gcc-9.3.0/libedit-3.1-20210216/lib/:/usr/share/apps/2021.1/arch/gcc-9.3.0/libfabric-1.12.1/lib/:/usr/share/apps/2021.1/arch/gcc-9.3.0/ucx-1.10.0/lib/:/usr/share/apps/2021.1/arch/gcc-4.8.5/rdma-core-34.0/lib64/:/usr/share/apps/2021.1/arch/gcc-4.8.5/rdma-core-34.0/lib/:/usr/share/apps/2021.1/arch/gcc-4.8.5/psm-3.3/lib64/:/usr/share/apps/2021.1/arch/gcc-4.8.5/opa-psm2-11.2.185/lib/:/usr/share/apps/2021.1/arch/gcc-9.3.0/libevent-2.1.12/lib/:/usr/share/apps/2021.1/arch/gcc-9.3.0/hwloc-2.4.1/lib/:/usr/share/apps/2021.1/arch/gcc-9.3.0/libxml2-2.9.10/lib/:/usr/share/apps/2021.1/arch/gcc-9.3.0/xz-5.2.5/lib/:/usr/share/apps/2021.1/arch/gcc-9.3.0/libiconv-1.16/lib/:/usr/share/apps/2021.1/arch/gcc-9.3.0/libpciaccess-0.16/lib/:/usr/share/apps/2021.1/arch/gcc-9.3.0/numactl-2.0.14/lib/:/usr/share/apps/2021.1/arch/gcc-9.3.0/libszip-2.1.1/lib/:/usr/share/apps/2021.1/arch/gcc-9.3.0/googletest-1.10.0/lib64/:/usr/share/apps/2021.1/arch/gcc-9.3.0/expat-2.2.10/lib/:/usr/share/apps/2021.1/arch/gcc-9.3.0/libbsd-0.10.0/lib/:/usr/share/apps/2021.1/arch/gcc-9.3.0/openssl-1.1.1k/lib/:/usr/share/apps/2021.1/arch/gcc-9.3.0/zlib-1.2.11/lib/:/usr/share/apps/2021.1/arch/gcc-9.3.0/ncurses-6.2/lib/:/cvmfs/argon-private.hpc.uiowa.edu/ssoft/apps/2021.1/linux-centos7-x86_64/gcc-4.8.5/gcc-9.3.0-hcdyg64/bin/../lib/gcc/x86_64-pc-linux-gnu/9.3.0/../../../:/lib/:/usr/lib/
COLLECT_GCC_OPTIONS='-v' '-o' 'CMakeFiles/cmTC_6619f.dir/CMakeCXXCompilerABI.cpp.o' '-c' '-shared-libgcc' '-mtune=generic' '-march=x86-64'
Linking CXX executable cmTC_6619f
/cvmfs/argon-private.hpc.uiowa.edu/ssoft/apps/2021.1/linux-centos7-broadwell/gcc-9.3.0/cmake-3.20.0-xbgm6ur/bin/cmake -E cmake_link_script CMakeFiles/cmTC_6619f.dir/link.txt --verbose=1
/opt/ssoft/apps/2021.1/linux-centos7-x86_64/gcc-4.8.5/gcc-9.3.0-hcdyg64/bin/g++  -v CMakeFiles/cmTC_6619f.dir/CMakeCXXCompilerABI.cpp.o -o cmTC_6619f 
Reading specs from /cvmfs/argon-private.hpc.uiowa.edu/ssoft/apps/2021.1/linux-centos7-x86_64/gcc-4.8.5/gcc-9.3.0-hcdyg64/bin/../lib/gcc/x86_64-pc-linux-gnu/9.3.0/specs
COLLECT_GCC=/opt/ssoft/apps/2021.1/linux-centos7-x86_64/gcc-4.8.5/gcc-9.3.0-hcdyg64/bin/g++
COLLECT_LTO_WRAPPER=/cvmfs/argon-private.hpc.uiowa.edu/ssoft/apps/2021.1/linux-centos7-x86_64/gcc-4.8.5/gcc-9.3.0-hcdyg64/bin/../libexec/gcc/x86_64-pc-linux-gnu/9.3.0/lto-wrapper
Target: x86_64-pc-linux-gnu
Configured with: /dev/shm/gpjohnsn/spack-stage-gcc-9.3.0-hcdyg64ajadrumevpvh3qudlfypcd3wt/spack-src/configure --prefix=/opt/ssoft/apps/2021.1/linux-centos7-x86_64/gcc-4.8.5/gcc-9.3.0-hcdyg64 --with-pkgversion='Spack GCC' --with-bugurl=https://github.com/spack/spack/issues --disable-multilib --enable-languages=c,c++,fortran --disable-nls --with-system-zlib --with-mpfr-include=/opt/ssoft/apps/2021.1/linux-centos7-x86_64/gcc-4.8.5/mpfr-3.1.6-xydh3uy/include --with-mpfr-lib=/opt/ssoft/apps/2021.1/linux-centos7-x86_64/gcc-4.8.5/mpfr-3.1.6-xydh3uy/lib --with-gmp-include=/opt/ssoft/apps/2021.1/linux-centos7-x86_64/gcc-4.8.5/gmp-6.2.1-2a7lf66/include --with-gmp-lib=/opt/ssoft/apps/2021.1/linux-centos7-x86_64/gcc-4.8.5/gmp-6.2.1-2a7lf66/lib --with-mpc-include=/opt/ssoft/apps/2021.1/linux-centos7-x86_64/gcc-4.8.5/mpc-1.1.0-as25tue/include --with-mpc-lib=/opt/ssoft/apps/2021.1/linux-centos7-x86_64/gcc-4.8.5/mpc-1.1.0-as25tue/lib --without-isl --with-stage1-ldflags='-Wl,-rpath,/opt/ssoft/apps/2021.1/linux-centos7-x86_64/gcc-4.8.5/gcc-9.3.0-hcdyg64/lib -Wl,-rpath,/opt/ssoft/apps/2021.1/linux-centos7-x86_64/gcc-4.8.5/gcc-9.3.0-hcdyg64/lib64 -Wl,-rpath,/opt/ssoft/apps/2021.1/linux-centos7-x86_64/gcc-4.8.5/gmp-6.2.1-2a7lf66/lib -Wl,-rpath,/opt/ssoft/apps/2021.1/linux-centos7-x86_64/gcc-4.8.5/mpc-1.1.0-as25tue/lib -Wl,-rpath,/opt/ssoft/apps/2021.1/linux-centos7-x86_64/gcc-4.8.5/mpfr-3.1.6-xydh3uy/lib -Wl,-rpath,/opt/ssoft/apps/2021.1/linux-centos7-x86_64/gcc-4.8.5/zlib-1.2.11-64vg6e4/lib' --with-boot-ldflags='-Wl,-rpath,/opt/ssoft/apps/2021.1/linux-centos7-x86_64/gcc-4.8.5/gcc-9.3.0-hcdyg64/lib -Wl,-rpath,/opt/ssoft/apps/2021.1/linux-centos7-x86_64/gcc-4.8.5/gcc-9.3.0-hcdyg64/lib64 -Wl,-rpath,/opt/ssoft/apps/2021.1/linux-centos7-x86_64/gcc-4.8.5/gmp-6.2.1-2a7lf66/lib -Wl,-rpath,/opt/ssoft/apps/2021.1/linux-centos7-x86_64/gcc-4.8.5/mpc-1.1.0-as25tue/lib -Wl,-rpath,/opt/ssoft/apps/2021.1/linux-centos7-x86_64/gcc-4.8.5/mpfr-3.1.6-xydh3uy/lib -Wl,-rpath,/opt/ssoft/apps/2021.1/linux-centos7-x86_64/gcc-4.8.5/zlib-1.2.11-64vg6e4/lib -static-libstdc++ -static-libgcc'
Thread model: posix
gcc version 9.3.0 (Spack GCC) 
COMPILER_PATH=/cvmfs/argon-private.hpc.uiowa.edu/ssoft/apps/2021.1/linux-centos7-x86_64/gcc-4.8.5/gcc-9.3.0-hcdyg64/bin/../libexec/gcc/x86_64-pc-linux-gnu/9.3.0/:/cvmfs/argon-private.hpc.uiowa.edu/ssoft/apps/2021.1/linux-centos7-x86_64/gcc-4.8.5/gcc-9.3.0-hcdyg64/bin/../libexec/gcc/
LIBRARY_PATH=/cvmfs/argon-private.hpc.uiowa.edu/ssoft/apps/2021.1/linux-centos7-x86_64/gcc-4.8.5/gcc-9.3.0-hcdyg64/bin/../lib/gcc/x86_64-pc-linux-gnu/9.3.0/:/cvmfs/argon-private.hpc.uiowa.edu/ssoft/apps/2021.1/linux-centos7-x86_64/gcc-4.8.5/gcc-9.3.0-hcdyg64/bin/../lib/gcc/:/usr/share/apps/2021.1/arch/gcc-9.3.0/libjpeg-turbo-2.0.6/lib64/../lib64/:/usr/share/apps/2021.1/arch/gcc-4.8.5/rdma-core-34.0/lib64/../lib64/:/usr/share/apps/2021.1/arch/gcc-4.8.5/rdma-core-34.0/lib/../lib64/:/usr/share/apps/2021.1/arch/gcc-4.8.5/psm-3.3/lib64/../lib64/:/usr/share/apps/2021.1/arch/gcc-9.3.0/googletest-1.10.0/lib64/../lib64/:/cvmfs/argon-private.hpc.uiowa.edu/ssoft/apps/2021.1/linux-centos7-x86_64/gcc-4.8.5/gcc-9.3.0-hcdyg64/bin/../lib/gcc/x86_64-pc-linux-gnu/9.3.0/../../../../lib64/:/lib/../lib64/:/usr/lib/../lib64/:/usr/share/apps/2021.1/arch/gcc-9.3.0/fftw-3.3.9/lib/:/usr/share/apps/2021.1/arch/gcc-9.3.0/itk-5.1.2/lib/:/usr/share/apps/2021.1/arch/gcc-9.3.0/libtiff-4.1.0/lib/:/usr/share/apps/2021.1/arch/gcc-9.3.0/libpng-1.6.37/lib/:/usr/share/apps/2021.1/arch/gcc-9.3.0/libjpeg-turbo-2.0.6/lib64/:/usr/share/apps/2021.1/arch/gcc-9.3.0/intel-mkl-2020.4.304/compilers_and_libraries_2020.4.304/linux/compiler/lib/intel64_lin/:/usr/share/apps/2021.1/arch/gcc-9.3.0/intel-mkl-2020.4.304/compilers_and_libraries_2020.4.304/linux/mkl/lib/intel64_lin/:/usr/share/apps/2021.1/arch/gcc-9.3.0/intel-mkl-2020.4.304/lib/:/usr/share/apps/2021.1/arch/gcc-9.3.0/hdf5-1.10.7-mpi/lib/:/usr/share/apps/2021.1/arch/gcc-9.3.0/openmpi-4.0.5/lib/:/usr/share/apps/2021.1/arch/gcc-9.3.0/libedit-3.1-20210216/lib/:/usr/share/apps/2021.1/arch/gcc-9.3.0/libfabric-1.12.1/lib/:/usr/share/apps/2021.1/arch/gcc-9.3.0/ucx-1.10.0/lib/:/usr/share/apps/2021.1/arch/gcc-4.8.5/rdma-core-34.0/lib64/:/usr/share/apps/2021.1/arch/gcc-4.8.5/rdma-core-34.0/lib/:/usr/share/apps/2021.1/arch/gcc-4.8.5/psm-3.3/lib64/:/usr/share/apps/2021.1/arch/gcc-4.8.5/opa-psm2-11.2.185/lib/:/usr/share/apps/2021.1/arch/gcc-9.3.0/libevent-2.1.12/lib/:/usr/share/apps/2021.1/arch/gcc-9.3.0/hwloc-2.4.1/lib/:/usr/share/apps/2021.1/arch/gcc-9.3.0/libxml2-2.9.10/lib/:/usr/share/apps/2021.1/arch/gcc-9.3.0/xz-5.2.5/lib/:/usr/share/apps/2021.1/arch/gcc-9.3.0/libiconv-1.16/lib/:/usr/share/apps/2021.1/arch/gcc-9.3.0/libpciaccess-0.16/lib/:/usr/share/apps/2021.1/arch/gcc-9.3.0/numactl-2.0.14/lib/:/usr/share/apps/2021.1/arch/gcc-9.3.0/libszip-2.1.1/lib/:/usr/share/apps/2021.1/arch/gcc-9.3.0/googletest-1.10.0/lib64/:/usr/share/apps/2021.1/arch/gcc-9.3.0/expat-2.2.10/lib/:/usr/share/apps/2021.1/arch/gcc-9.3.0/libbsd-0.10.0/lib/:/usr/share/apps/2021.1/arch/gcc-9.3.0/openssl-1.1.1k/lib/:/usr/share/apps/2021.1/arch/gcc-9.3.0/zlib-1.2.11/lib/:/usr/share/apps/2021.1/arch/gcc-9.3.0/ncurses-6.2/lib/:/cvmfs/argon-private.hpc.uiowa.edu/ssoft/apps/2021.1/linux-centos7-x86_64/gcc-4.8.5/gcc-9.3.0-hcdyg64/bin/../lib/gcc/x86_64-pc-linux-gnu/9.3.0/../../../:/lib/:/usr/lib/
COLLECT_GCC_OPTIONS='-v' '-o' 'cmTC_6619f' '-shared-libgcc' '-mtune=generic' '-march=x86-64'
 /cvmfs/argon-private.hpc.uiowa.edu/ssoft/apps/2021.1/linux-centos7-x86_64/gcc-4.8.5/gcc-9.3.0-hcdyg64/bin/../libexec/gcc/x86_64-pc-linux-gnu/9.3.0/collect2 -plugin /cvmfs/argon-private.hpc.uiowa.edu/ssoft/apps/2021.1/linux-centos7-x86_64/gcc-4.8.5/gcc-9.3.0-hcdyg64/bin/../libexec/gcc/x86_64-pc-linux-gnu/9.3.0/liblto_plugin.so -plugin-opt=/cvmfs/argon-private.hpc.uiowa.edu/ssoft/apps/2021.1/linux-centos7-x86_64/gcc-4.8.5/gcc-9.3.0-hcdyg64/bin/../libexec/gcc/x86_64-pc-linux-gnu/9.3.0/lto-wrapper -plugin-opt=-fresolution=/localscratch/cciKbU9P.res -plugin-opt=-pass-through=-lgcc_s -plugin-opt=-pass-through=-lgcc -plugin-opt=-pass-through=-lc -plugin-opt=-pass-through=-lgcc_s -plugin-opt=-pass-through=-lgcc -rpath /opt/ssoft/apps/2021.1/linux-centos7-x86_64/gcc-4.8.5/gcc-9.3.0-hcdyg64/lib:/opt/ssoft/apps/2021.1/linux-centos7-x86_64/gcc-4.8.5/gcc-9.3.0-hcdyg64/lib64 --eh-frame-hdr -m elf_x86_64 -dynamic-linker /lib64/ld-linux-x86-64.so.2 -o cmTC_6619f /lib/../lib64/crt1.o /lib/../lib64/crti.o /cvmfs/argon-private.hpc.uiowa.edu/ssoft/apps/2021.1/linux-centos7-x86_64/gcc-4.8.5/gcc-9.3.0-hcdyg64/bin/../lib/gcc/x86_64-pc-linux-gnu/9.3.0/crtbegin.o -L/cvmfs/argon-private.hpc.uiowa.edu/ssoft/apps/2021.1/linux-centos7-x86_64/gcc-4.8.5/gcc-9.3.0-hcdyg64/bin/../lib/gcc/x86_64-pc-linux-gnu/9.3.0 -L/cvmfs/argon-private.hpc.uiowa.edu/ssoft/apps/2021.1/linux-centos7-x86_64/gcc-4.8.5/gcc-9.3.0-hcdyg64/bin/../lib/gcc -L/usr/share/apps/2021.1/arch/gcc-9.3.0/libjpeg-turbo-2.0.6/lib64/../lib64 -L/usr/share/apps/2021.1/arch/gcc-4.8.5/rdma-core-34.0/lib64/../lib64 -L/usr/share/apps/2021.1/arch/gcc-4.8.5/rdma-core-34.0/lib/../lib64 -L/usr/share/apps/2021.1/arch/gcc-4.8.5/psm-3.3/lib64/../lib64 -L/usr/share/apps/2021.1/arch/gcc-9.3.0/googletest-1.10.0/lib64/../lib64 -L/cvmfs/argon-private.hpc.uiowa.edu/ssoft/apps/2021.1/linux-centos7-x86_64/gcc-4.8.5/gcc-9.3.0-hcdyg64/bin/../lib/gcc/x86_64-pc-linux-gnu/9.3.0/../../../../lib64 -L/lib/../lib64 -L/usr/lib/../lib64 -L/usr/share/apps/2021.1/arch/gcc-9.3.0/fftw-3.3.9/lib -L/usr/share/apps/2021.1/arch/gcc-9.3.0/itk-5.1.2/lib -L/usr/share/apps/2021.1/arch/gcc-9.3.0/libtiff-4.1.0/lib -L/usr/share/apps/2021.1/arch/gcc-9.3.0/libpng-1.6.37/lib -L/usr/share/apps/2021.1/arch/gcc-9.3.0/libjpeg-turbo-2.0.6/lib64 -L/usr/share/apps/2021.1/arch/gcc-9.3.0/intel-mkl-2020.4.304/compilers_and_libraries_2020.4.304/linux/compiler/lib/intel64_lin -L/usr/share/apps/2021.1/arch/gcc-9.3.0/intel-mkl-2020.4.304/compilers_and_libraries_2020.4.304/linux/mkl/lib/intel64_lin -L/usr/share/apps/2021.1/arch/gcc-9.3.0/intel-mkl-2020.4.304/lib -L/usr/share/apps/2021.1/arch/gcc-9.3.0/hdf5-1.10.7-mpi/lib -L/usr/share/apps/2021.1/arch/gcc-9.3.0/openmpi-4.0.5/lib -L/usr/share/apps/2021.1/arch/gcc-9.3.0/libedit-3.1-20210216/lib -L/usr/share/apps/2021.1/arch/gcc-9.3.0/libfabric-1.12.1/lib -L/usr/share/apps/2021.1/arch/gcc-9.3.0/ucx-1.10.0/lib -L/usr/share/apps/2021.1/arch/gcc-4.8.5/rdma-core-34.0/lib64 -L/usr/share/apps/2021.1/arch/gcc-4.8.5/rdma-core-34.0/lib -L/usr/share/apps/2021.1/arch/gcc-4.8.5/psm-3.3/lib64 -L/usr/share/apps/2021.1/arch/gcc-4.8.5/opa-psm2-11.2.185/lib -L/usr/share/apps/2021.1/arch/gcc-9.3.0/libevent-2.1.12/lib -L/usr/share/apps/2021.1/arch/gcc-9.3.0/hwloc-2.4.1/lib -L/usr/share/apps/2021.1/arch/gcc-9.3.0/libxml2-2.9.10/lib -L/usr/share/apps/2021.1/arch/gcc-9.3.0/xz-5.2.5/lib -L/usr/share/apps/2021.1/arch/gcc-9.3.0/libiconv-1.16/lib -L/usr/share/apps/2021.1/arch/gcc-9.3.0/libpciaccess-0.16/lib -L/usr/share/apps/2021.1/arch/gcc-9.3.0/numactl-2.0.14/lib -L/usr/share/apps/2021.1/arch/gcc-9.3.0/libszip-2.1.1/lib -L/usr/share/apps/2021.1/arch/gcc-9.3.0/googletest-1.10.0/lib64 -L/usr/share/apps/2021.1/arch/gcc-9.3.0/expat-2.2.10/lib -L/usr/share/apps/2021.1/arch/gcc-9.3.0/libbsd-0.10.0/lib -L/usr/share/apps/2021.1/arch/gcc-9.3.0/openssl-1.1.1k/lib -L/usr/share/apps/2021.1/arch/gcc-9.3.0/zlib-1.2.11/lib -L/usr/share/apps/2021.1/arch/gcc-9.3.0/ncurses-6.2/lib -L/cvmfs/argon-private.hpc.uiowa.edu/ssoft/apps/2021.1/linux-centos7-x86_64/gcc-4.8.5/gcc-9.3.0-hcdyg64/bin/../lib/gcc/x86_64-pc-linux-gnu/9.3.0/../../.. CMakeFiles/cmTC_6619f.dir/CMakeCXXCompilerABI.cpp.o -lstdc++ -lm -lgcc_s -lgcc -lc -lgcc_s -lgcc /cvmfs/argon-private.hpc.uiowa.edu/ssoft/apps/2021.1/linux-centos7-x86_64/gcc-4.8.5/gcc-9.3.0-hcdyg64/bin/../lib/gcc/x86_64-pc-linux-gnu/9.3.0/crtend.o /lib/../lib64/crtn.o
COLLECT_GCC_OPTIONS='-v' '-o' 'cmTC_6619f' '-shared-libgcc' '-mtune=generic' '-march=x86-64'
gmake[1]: Leaving directory `/old_Users/jkitzmann/APPIL/03_tools/FrequencyAnalysis/build/CMakeFiles/CMakeTmp'



Parsed CXX implicit include dir info from above output: rv=done
  found start of include info
  found start of implicit include info
    add: [/usr/share/apps/2021.1/arch/gcc-9.3.0/intel-mkl-2020.4.304/compilers_and_libraries_2020.4.304/linux/mkl/include]
    add: [/usr/share/apps/2021.1/arch/gcc-9.3.0/eigen-3.3.9/include/eigen3]
    add: [/usr/share/apps/2021.1/arch/gcc-9.3.0/fftw-3.3.9/include]
    add: [/usr/share/apps/2021.1/arch/gcc-9.3.0/itk-5.1.2/include]
    add: [/usr/share/apps/2021.1/arch/gcc-9.3.0/libtiff-4.1.0/include]
    add: [/usr/share/apps/2021.1/arch/gcc-9.3.0/libpng-1.6.37/include]
    add: [/usr/share/apps/2021.1/arch/gcc-9.3.0/libjpeg-turbo-2.0.6/include]
    add: [/usr/share/apps/2021.1/arch/gcc-9.3.0/hdf5-1.10.7-mpi/include]
    add: [/usr/share/apps/2021.1/arch/gcc-9.3.0/openmpi-4.0.5/include]
    add: [/usr/share/apps/2021.1/arch/gcc-9.3.0/libedit-3.1-20210216/include]
    add: [/usr/share/apps/2021.1/arch/gcc-9.3.0/libfabric-1.12.1/include]
    add: [/usr/share/apps/2021.1/arch/gcc-9.3.0/ucx-1.10.0/include]
    add: [/usr/share/apps/2021.1/arch/gcc-4.8.5/rdma-core-34.0/include]
    add: [/usr/share/apps/2021.1/arch/gcc-4.8.5/psm-3.3/include]
    add: [/usr/share/apps/2021.1/arch/gcc-4.8.5/opa-psm2-11.2.185/include]
    add: [/usr/share/apps/2021.1/arch/gcc-9.3.0/libevent-2.1.12/include]
    add: [/usr/share/apps/2021.1/arch/gcc-9.3.0/hwloc-2.4.1/include]
    add: [/usr/share/apps/2021.1/arch/gcc-9.3.0/libxml2-2.9.10/include]
    add: [/usr/share/apps/2021.1/arch/gcc-9.3.0/xz-5.2.5/include]
    add: [/usr/share/apps/2021.1/arch/gcc-9.3.0/libiconv-1.16/include]
    add: [/usr/share/apps/2021.1/arch/gcc-9.3.0/libpciaccess-0.16/include]
    add: [/usr/share/apps/2021.1/arch/gcc-9.3.0/numactl-2.0.14/include]
    add: [/usr/share/apps/2021.1/arch/gcc-9.3.0/libszip-2.1.1/include]
    add: [/usr/share/apps/2021.1/arch/gcc-9.3.0/googletest-1.10.0/include]
    add: [/usr/share/apps/2021.1/arch/gcc-9.3.0/expat-2.2.10/include]
    add: [/usr/share/apps/2021.1/arch/gcc-9.3.0/libbsd-0.10.0/include]
    add: [/usr/share/apps/2021.1/arch/gcc-9.3.0/eigen-3.3.9/include]
    add: [/usr/share/apps/2021.1/arch/gcc-9.3.0/openssl-1.1.1k/include]
    add: [/usr/share/apps/2021.1/arch/gcc-9.3.0/zlib-1.2.11/include]
    add: [/usr/share/apps/2021.1/arch/gcc-9.3.0/ncurses-6.2/include]
    add: [/cvmfs/argon-private.hpc.uiowa.edu/ssoft/apps/2021.1/linux-centos7-x86_64/gcc-4.8.5/gcc-9.3.0-hcdyg64/bin/../lib/gcc/x86_64-pc-linux-gnu/9.3.0/../../../../include/c++/9.3.0]
    add: [/cvmfs/argon-private.hpc.uiowa.edu/ssoft/apps/2021.1/linux-centos7-x86_64/gcc-4.8.5/gcc-9.3.0-hcdyg64/bin/../lib/gcc/x86_64-pc-linux-gnu/9.3.0/../../../../include/c++/9.3.0/x86_64-pc-linux-gnu]
    add: [/cvmfs/argon-private.hpc.uiowa.edu/ssoft/apps/2021.1/linux-centos7-x86_64/gcc-4.8.5/gcc-9.3.0-hcdyg64/bin/../lib/gcc/x86_64-pc-linux-gnu/9.3.0/../../../../include/c++/9.3.0/backward]
    add: [/cvmfs/argon-private.hpc.uiowa.edu/ssoft/apps/2021.1/linux-centos7-x86_64/gcc-4.8.5/gcc-9.3.0-hcdyg64/bin/../lib/gcc/x86_64-pc-linux-gnu/9.3.0/include]
    add: [/cvmfs/argon-private.hpc.uiowa.edu/ssoft/apps/2021.1/linux-centos7-x86_64/gcc-4.8.5/gcc-9.3.0-hcdyg64/bin/../lib/gcc/x86_64-pc-linux-gnu/9.3.0/include-fixed]
    add: [/usr/local/include]
    add: [/cvmfs/argon-private.hpc.uiowa.edu/ssoft/apps/2021.1/linux-centos7-x86_64/gcc-4.8.5/gcc-9.3.0-hcdyg64/bin/../lib/gcc/../../include]
    add: [/usr/include]
  end of search list found
  collapse include dir [/usr/share/apps/2021.1/arch/gcc-9.3.0/intel-mkl-2020.4.304/compilers_and_libraries_2020.4.304/linux/mkl/include] ==> [/usr/share/apps/2021.1/arch/gcc-9.3.0/intel-mkl-2020.4.304/compilers_and_libraries_2020.4.304/linux/mkl/include]
  collapse include dir [/usr/share/apps/2021.1/arch/gcc-9.3.0/eigen-3.3.9/include/eigen3] ==> [/usr/share/apps/2021.1/arch/gcc-9.3.0/eigen-3.3.9/include/eigen3]
  collapse include dir [/usr/share/apps/2021.1/arch/gcc-9.3.0/fftw-3.3.9/include] ==> [/usr/share/apps/2021.1/arch/gcc-9.3.0/fftw-3.3.9/include]
  collapse include dir [/usr/share/apps/2021.1/arch/gcc-9.3.0/itk-5.1.2/include] ==> [/usr/share/apps/2021.1/arch/gcc-9.3.0/itk-5.1.2/include]
  collapse include dir [/usr/share/apps/2021.1/arch/gcc-9.3.0/libtiff-4.1.0/include] ==> [/usr/share/apps/2021.1/arch/gcc-9.3.0/libtiff-4.1.0/include]
  collapse include dir [/usr/share/apps/2021.1/arch/gcc-9.3.0/libpng-1.6.37/include] ==> [/usr/share/apps/2021.1/arch/gcc-9.3.0/libpng-1.6.37/include]
  collapse include dir [/usr/share/apps/2021.1/arch/gcc-9.3.0/libjpeg-turbo-2.0.6/include] ==> [/usr/share/apps/2021.1/arch/gcc-9.3.0/libjpeg-turbo-2.0.6/include]
  collapse include dir [/usr/share/apps/2021.1/arch/gcc-9.3.0/hdf5-1.10.7-mpi/include] ==> [/usr/share/apps/2021.1/arch/gcc-9.3.0/hdf5-1.10.7-mpi/include]
  collapse include dir [/usr/share/apps/2021.1/arch/gcc-9.3.0/openmpi-4.0.5/include] ==> [/usr/share/apps/2021.1/arch/gcc-9.3.0/openmpi-4.0.5/include]
  collapse include dir [/usr/share/apps/2021.1/arch/gcc-9.3.0/libedit-3.1-20210216/include] ==> [/usr/share/apps/2021.1/arch/gcc-9.3.0/libedit-3.1-20210216/include]
  collapse include dir [/usr/share/apps/2021.1/arch/gcc-9.3.0/libfabric-1.12.1/include] ==> [/usr/share/apps/2021.1/arch/gcc-9.3.0/libfabric-1.12.1/include]
  collapse include dir [/usr/share/apps/2021.1/arch/gcc-9.3.0/ucx-1.10.0/include] ==> [/usr/share/apps/2021.1/arch/gcc-9.3.0/ucx-1.10.0/include]
  collapse include dir [/usr/share/apps/2021.1/arch/gcc-4.8.5/rdma-core-34.0/include] ==> [/usr/share/apps/2021.1/arch/gcc-4.8.5/rdma-core-34.0/include]
  collapse include dir [/usr/share/apps/2021.1/arch/gcc-4.8.5/psm-3.3/include] ==> [/usr/share/apps/2021.1/arch/gcc-4.8.5/psm-3.3/include]
  collapse include dir [/usr/share/apps/2021.1/arch/gcc-4.8.5/opa-psm2-11.2.185/include] ==> [/usr/share/apps/2021.1/arch/gcc-4.8.5/opa-psm2-11.2.185/include]
  collapse include dir [/usr/share/apps/2021.1/arch/gcc-9.3.0/libevent-2.1.12/include] ==> [/usr/share/apps/2021.1/arch/gcc-9.3.0/libevent-2.1.12/include]
  collapse include dir [/usr/share/apps/2021.1/arch/gcc-9.3.0/hwloc-2.4.1/include] ==> [/usr/share/apps/2021.1/arch/gcc-9.3.0/hwloc-2.4.1/include]
  collapse include dir [/usr/share/apps/2021.1/arch/gcc-9.3.0/libxml2-2.9.10/include] ==> [/usr/share/apps/2021.1/arch/gcc-9.3.0/libxml2-2.9.10/include]
  collapse include dir [/usr/share/apps/2021.1/arch/gcc-9.3.0/xz-5.2.5/include] ==> [/usr/share/apps/2021.1/arch/gcc-9.3.0/xz-5.2.5/include]
  collapse include dir [/usr/share/apps/2021.1/arch/gcc-9.3.0/libiconv-1.16/include] ==> [/usr/share/apps/2021.1/arch/gcc-9.3.0/libiconv-1.16/include]
  collapse include dir [/usr/share/apps/2021.1/arch/gcc-9.3.0/libpciaccess-0.16/include] ==> [/usr/share/apps/2021.1/arch/gcc-9.3.0/libpciaccess-0.16/include]
  collapse include dir [/usr/share/apps/2021.1/arch/gcc-9.3.0/numactl-2.0.14/include] ==> [/usr/share/apps/2021.1/arch/gcc-9.3.0/numactl-2.0.14/include]
  collapse include dir [/usr/share/apps/2021.1/arch/gcc-9.3.0/libszip-2.1.1/include] ==> [/usr/share/apps/2021.1/arch/gcc-9.3.0/libszip-2.1.1/include]
  collapse include dir [/usr/share/apps/2021.1/arch/gcc-9.3.0/googletest-1.10.0/include] ==> [/usr/share/apps/2021.1/arch/gcc-9.3.0/googletest-1.10.0/include]
  collapse include dir [/usr/share/apps/2021.1/arch/gcc-9.3.0/expat-2.2.10/include] ==> [/usr/share/apps/2021.1/arch/gcc-9.3.0/expat-2.2.10/include]
  collapse include dir [/usr/share/apps/2021.1/arch/gcc-9.3.0/libbsd-0.10.0/include] ==> [/usr/share/apps/2021.1/arch/gcc-9.3.0/libbsd-0.10.0/include]
  collapse include dir [/usr/share/apps/2021.1/arch/gcc-9.3.0/eigen-3.3.9/include] ==> [/usr/share/apps/2021.1/arch/gcc-9.3.0/eigen-3.3.9/include]
  collapse include dir [/usr/share/apps/2021.1/arch/gcc-9.3.0/openssl-1.1.1k/include] ==> [/usr/share/apps/2021.1/arch/gcc-9.3.0/openssl-1.1.1k/include]
  collapse include dir [/usr/share/apps/2021.1/arch/gcc-9.3.0/zlib-1.2.11/include] ==> [/usr/share/apps/2021.1/arch/gcc-9.3.0/zlib-1.2.11/include]
  collapse include dir [/usr/share/apps/2021.1/arch/gcc-9.3.0/ncurses-6.2/include] ==> [/usr/share/apps/2021.1/arch/gcc-9.3.0/ncurses-6.2/include]
  collapse include dir [/cvmfs/argon-private.hpc.uiowa.edu/ssoft/apps/2021.1/linux-centos7-x86_64/gcc-4.8.5/gcc-9.3.0-hcdyg64/bin/../lib/gcc/x86_64-pc-linux-gnu/9.3.0/../../../../include/c++/9.3.0] ==> [/cvmfs/argon-private.hpc.uiowa.edu/ssoft/apps/2021.1/linux-centos7-x86_64/gcc-4.8.5/gcc-9.3.0-hcdyg64/include/c++/9.3.0]
  collapse include dir [/cvmfs/argon-private.hpc.uiowa.edu/ssoft/apps/2021.1/linux-centos7-x86_64/gcc-4.8.5/gcc-9.3.0-hcdyg64/bin/../lib/gcc/x86_64-pc-linux-gnu/9.3.0/../../../../include/c++/9.3.0/x86_64-pc-linux-gnu] ==> [/cvmfs/argon-private.hpc.uiowa.edu/ssoft/apps/2021.1/linux-centos7-x86_64/gcc-4.8.5/gcc-9.3.0-hcdyg64/include/c++/9.3.0/x86_64-pc-linux-gnu]
  collapse include dir [/cvmfs/argon-private.hpc.uiowa.edu/ssoft/apps/2021.1/linux-centos7-x86_64/gcc-4.8.5/gcc-9.3.0-hcdyg64/bin/../lib/gcc/x86_64-pc-linux-gnu/9.3.0/../../../../include/c++/9.3.0/backward] ==> [/cvmfs/argon-private.hpc.uiowa.edu/ssoft/apps/2021.1/linux-centos7-x86_64/gcc-4.8.5/gcc-9.3.0-hcdyg64/include/c++/9.3.0/backward]
  collapse include dir [/cvmfs/argon-private.hpc.uiowa.edu/ssoft/apps/2021.1/linux-centos7-x86_64/gcc-4.8.5/gcc-9.3.0-hcdyg64/bin/../lib/gcc/x86_64-pc-linux-gnu/9.3.0/include] ==> [/cvmfs/argon-private.hpc.uiowa.edu/ssoft/apps/2021.1/linux-centos7-x86_64/gcc-4.8.5/gcc-9.3.0-hcdyg64/lib/gcc/x86_64-pc-linux-gnu/9.3.0/include]
  collapse include dir [/cvmfs/argon-private.hpc.uiowa.edu/ssoft/apps/2021.1/linux-centos7-x86_64/gcc-4.8.5/gcc-9.3.0-hcdyg64/bin/../lib/gcc/x86_64-pc-linux-gnu/9.3.0/include-fixed] ==> [/cvmfs/argon-private.hpc.uiowa.edu/ssoft/apps/2021.1/linux-centos7-x86_64/gcc-4.8.5/gcc-9.3.0-hcdyg64/lib/gcc/x86_64-pc-linux-gnu/9.3.0/include-fixed]
  collapse include dir [/usr/local/include] ==> [/usr/local/include]
  collapse include dir [/cvmfs/argon-private.hpc.uiowa.edu/ssoft/apps/2021.1/linux-centos7-x86_64/gcc-4.8.5/gcc-9.3.0-hcdyg64/bin/../lib/gcc/../../include] ==> [/cvmfs/argon-private.hpc.uiowa.edu/ssoft/apps/2021.1/linux-centos7-x86_64/gcc-4.8.5/gcc-9.3.0-hcdyg64/include]
  collapse include dir [/usr/include] ==> [/usr/include]
  implicit include dirs: [/usr/share/apps/2021.1/arch/gcc-9.3.0/intel-mkl-2020.4.304/compilers_and_libraries_2020.4.304/linux/mkl/include;/usr/share/apps/2021.1/arch/gcc-9.3.0/eigen-3.3.9/include/eigen3;/usr/share/apps/2021.1/arch/gcc-9.3.0/fftw-3.3.9/include;/usr/share/apps/2021.1/arch/gcc-9.3.0/itk-5.1.2/include;/usr/share/apps/2021.1/arch/gcc-9.3.0/libtiff-4.1.0/include;/usr/share/apps/2021.1/arch/gcc-9.3.0/libpng-1.6.37/include;/usr/share/apps/2021.1/arch/gcc-9.3.0/libjpeg-turbo-2.0.6/include;/usr/share/apps/2021.1/arch/gcc-9.3.0/hdf5-1.10.7-mpi/include;/usr/share/apps/2021.1/arch/gcc-9.3.0/openmpi-4.0.5/include;/usr/share/apps/2021.1/arch/gcc-9.3.0/libedit-3.1-20210216/include;/usr/share/apps/2021.1/arch/gcc-9.3.0/libfabric-1.12.1/include;/usr/share/apps/2021.1/arch/gcc-9.3.0/ucx-1.10.0/include;/usr/share/apps/2021.1/arch/gcc-4.8.5/rdma-core-34.0/include;/usr/share/apps/2021.1/arch/gcc-4.8.5/psm-3.3/include;/usr/share/apps/2021.1/arch/gcc-4.8.5/opa-psm2-11.2.185/include;/usr/share/apps/2021.1/arch/gcc-9.3.0/libevent-2.1.12/include;/usr/share/apps/2021.1/arch/gcc-9.3.0/hwloc-2.4.1/include;/usr/share/apps/2021.1/arch/gcc-9.3.0/libxml2-2.9.10/include;/usr/share/apps/2021.1/arch/gcc-9.3.0/xz-5.2.5/include;/usr/share/apps/2021.1/arch/gcc-9.3.0/libiconv-1.16/include;/usr/share/apps/2021.1/arch/gcc-9.3.0/libpciaccess-0.16/include;/usr/share/apps/2021.1/arch/gcc-9.3.0/numactl-2.0.14/include;/usr/share/apps/2021.1/arch/gcc-9.3.0/libszip-2.1.1/include;/usr/share/apps/2021.1/arch/gcc-9.3.0/googletest-1.10.0/include;/usr/share/apps/2021.1/arch/gcc-9.3.0/expat-2.2.10/include;/usr/share/apps/2021.1/arch/gcc-9.3.0/libbsd-0.10.0/include;/usr/share/apps/2021.1/arch/gcc-9.3.0/eigen-3.3.9/include;/usr/share/apps/2021.1/arch/gcc-9.3.0/openssl-1.1.1k/include;/usr/share/apps/2021.1/arch/gcc-9.3.0/zlib-1.2.11/include;/usr/share/apps/2021.1/arch/gcc-9.3.0/ncurses-6.2/include;/cvmfs/argon-private.hpc.uiowa.edu/ssoft/apps/2021.1/linux-centos7-x86_64/gcc-4.8.5/gcc-9.3.0-hcdyg64/include/c++/9.3.0;/cvmfs/argon-private.hpc.uiowa.edu/ssoft/apps/2021.1/linux-centos7-x86_64/gcc-4.8.5/gcc-9.3.0-hcdyg64/include/c++/9.3.0/x86_64-pc-linux-gnu;/cvmfs/argon-private.hpc.uiowa.edu/ssoft/apps/2021.1/linux-centos7-x86_64/gcc-4.8.5/gcc-9.3.0-hcdyg64/include/c++/9.3.0/backward;/cvmfs/argon-private.hpc.uiowa.edu/ssoft/apps/2021.1/linux-centos7-x86_64/gcc-4.8.5/gcc-9.3.0-hcdyg64/lib/gcc/x86_64-pc-linux-gnu/9.3.0/include;/cvmfs/argon-private.hpc.uiowa.edu/ssoft/apps/2021.1/linux-centos7-x86_64/gcc-4.8.5/gcc-9.3.0-hcdyg64/lib/gcc/x86_64-pc-linux-gnu/9.3.0/include-fixed;/usr/local/include;/cvmfs/argon-private.hpc.uiowa.edu/ssoft/apps/2021.1/linux-centos7-x86_64/gcc-4.8.5/gcc-9.3.0-hcdyg64/include;/usr/include]


Parsed CXX implicit link information from above output:
  link line regex: [^( *|.*[/\])(ld|CMAKE_LINK_STARTFILE-NOTFOUND|([^/\]+-)?ld|collect2)[^/\]*( |$)]
  ignore line: [Change Dir: /Users/jkitzmann/APPIL/03_tools/FrequencyAnalysis/build/CMakeFiles/CMakeTmp]
  ignore line: []
  ignore line: [Run Build Command(s):/usr/bin/gmake -f Makefile cmTC_6619f/fast && /usr/bin/gmake  -f CMakeFiles/cmTC_6619f.dir/build.make CMakeFiles/cmTC_6619f.dir/build]
  ignore line: [gmake[1]: Entering directory `/old_Users/jkitzmann/APPIL/03_tools/FrequencyAnalysis/build/CMakeFiles/CMakeTmp']
  ignore line: [Building CXX object CMakeFiles/cmTC_6619f.dir/CMakeCXXCompilerABI.cpp.o]
  ignore line: [/opt/ssoft/apps/2021.1/linux-centos7-x86_64/gcc-4.8.5/gcc-9.3.0-hcdyg64/bin/g++   -v -o CMakeFiles/cmTC_6619f.dir/CMakeCXXCompilerABI.cpp.o -c /cvmfs/argon-private.hpc.uiowa.edu/ssoft/apps/2021.1/linux-centos7-broadwell/gcc-9.3.0/cmake-3.20.0-xbgm6ur/share/cmake-3.20/Modules/CMakeCXXCompilerABI.cpp]
  ignore line: [Reading specs from /cvmfs/argon-private.hpc.uiowa.edu/ssoft/apps/2021.1/linux-centos7-x86_64/gcc-4.8.5/gcc-9.3.0-hcdyg64/bin/../lib/gcc/x86_64-pc-linux-gnu/9.3.0/specs]
  ignore line: [COLLECT_GCC=/opt/ssoft/apps/2021.1/linux-centos7-x86_64/gcc-4.8.5/gcc-9.3.0-hcdyg64/bin/g++]
  ignore line: [Target: x86_64-pc-linux-gnu]
  ignore line: [Configured with: /dev/shm/gpjohnsn/spack-stage-gcc-9.3.0-hcdyg64ajadrumevpvh3qudlfypcd3wt/spack-src/configure --prefix=/opt/ssoft/apps/2021.1/linux-centos7-x86_64/gcc-4.8.5/gcc-9.3.0-hcdyg64 --with-pkgversion='Spack GCC' --with-bugurl=https://github.com/spack/spack/issues --disable-multilib --enable-languages=c c++ fortran --disable-nls --with-system-zlib --with-mpfr-include=/opt/ssoft/apps/2021.1/linux-centos7-x86_64/gcc-4.8.5/mpfr-3.1.6-xydh3uy/include --with-mpfr-lib=/opt/ssoft/apps/2021.1/linux-centos7-x86_64/gcc-4.8.5/mpfr-3.1.6-xydh3uy/lib --with-gmp-include=/opt/ssoft/apps/2021.1/linux-centos7-x86_64/gcc-4.8.5/gmp-6.2.1-2a7lf66/include --with-gmp-lib=/opt/ssoft/apps/2021.1/linux-centos7-x86_64/gcc-4.8.5/gmp-6.2.1-2a7lf66/lib --with-mpc-include=/opt/ssoft/apps/2021.1/linux-centos7-x86_64/gcc-4.8.5/mpc-1.1.0-as25tue/include --with-mpc-lib=/opt/ssoft/apps/2021.1/linux-centos7-x86_64/gcc-4.8.5/mpc-1.1.0-as25tue/lib --without-isl --with-stage1-ldflags='-Wl -rpath /opt/ssoft/apps/2021.1/linux-centos7-x86_64/gcc-4.8.5/gcc-9.3.0-hcdyg64/lib -Wl -rpath /opt/ssoft/apps/2021.1/linux-centos7-x86_64/gcc-4.8.5/gcc-9.3.0-hcdyg64/lib64 -Wl -rpath /opt/ssoft/apps/2021.1/linux-centos7-x86_64/gcc-4.8.5/gmp-6.2.1-2a7lf66/lib -Wl -rpath /opt/ssoft/apps/2021.1/linux-centos7-x86_64/gcc-4.8.5/mpc-1.1.0-as25tue/lib -Wl -rpath /opt/ssoft/apps/2021.1/linux-centos7-x86_64/gcc-4.8.5/mpfr-3.1.6-xydh3uy/lib -Wl -rpath /opt/ssoft/apps/2021.1/linux-centos7-x86_64/gcc-4.8.5/zlib-1.2.11-64vg6e4/lib' --with-boot-ldflags='-Wl -rpath /opt/ssoft/apps/2021.1/linux-centos7-x86_64/gcc-4.8.5/gcc-9.3.0-hcdyg64/lib -Wl -rpath /opt/ssoft/apps/2021.1/linux-centos7-x86_64/gcc-4.8.5/gcc-9.3.0-hcdyg64/lib64 -Wl -rpath /opt/ssoft/apps/2021.1/linux-centos7-x86_64/gcc-4.8.5/gmp-6.2.1-2a7lf66/lib -Wl -rpath /opt/ssoft/apps/2021.1/linux-centos7-x86_64/gcc-4.8.5/mpc-1.1.0-as25tue/lib -Wl -rpath /opt/ssoft/apps/2021.1/linux-centos7-x86_64/gcc-4.8.5/mpfr-3.1.6-xydh3uy/lib -Wl -rpath /opt/ssoft/apps/2021.1/linux-centos7-x86_64/gcc-4.8.5/zlib-1.2.11-64vg6e4/lib -static-libstdc++ -static-libgcc']
  ignore line: [Thread model: posix]
  ignore line: [gcc version 9.3.0 (Spack GCC) ]
  ignore line: [COLLECT_GCC_OPTIONS='-v' '-o' 'CMakeFiles/cmTC_6619f.dir/CMakeCXXCompilerABI.cpp.o' '-c' '-shared-libgcc' '-mtune=generic' '-march=x86-64']
  ignore line: [ /cvmfs/argon-private.hpc.uiowa.edu/ssoft/apps/2021.1/linux-centos7-x86_64/gcc-4.8.5/gcc-9.3.0-hcdyg64/bin/../libexec/gcc/x86_64-pc-linux-gnu/9.3.0/cc1plus -quiet -v -iprefix /cvmfs/argon-private.hpc.uiowa.edu/ssoft/apps/2021.1/linux-centos7-x86_64/gcc-4.8.5/gcc-9.3.0-hcdyg64/bin/../lib/gcc/x86_64-pc-linux-gnu/9.3.0/ -D_GNU_SOURCE /cvmfs/argon-private.hpc.uiowa.edu/ssoft/apps/2021.1/linux-centos7-broadwell/gcc-9.3.0/cmake-3.20.0-xbgm6ur/share/cmake-3.20/Modules/CMakeCXXCompilerABI.cpp -quiet -dumpbase CMakeCXXCompilerABI.cpp -mtune=generic -march=x86-64 -auxbase-strip CMakeFiles/cmTC_6619f.dir/CMakeCXXCompilerABI.cpp.o -version -o /localscratch/cc7zcKlF.s]
  ignore line: [GNU C++14 (Spack GCC) version 9.3.0 (x86_64-pc-linux-gnu)]
  ignore line: [	compiled by GNU C version 9.3.0  GMP version 6.2.1  MPFR version 3.1.6-p2  MPC version 1.1.0  isl version none]
  ignore line: [GGC heuristics: --param ggc-min-expand=100 --param ggc-min-heapsize=131072]
  ignore line: [ignoring nonexistent directory "/cvmfs/argon-private.hpc.uiowa.edu/ssoft/apps/2021.1/linux-centos7-x86_64/gcc-4.8.5/gcc-9.3.0-hcdyg64/bin/../lib/gcc/x86_64-pc-linux-gnu/9.3.0/../../../../x86_64-pc-linux-gnu/include"]
  ignore line: [ignoring duplicate directory "/cvmfs/argon-private.hpc.uiowa.edu/ssoft/apps/2021.1/linux-centos7-x86_64/gcc-4.8.5/gcc-9.3.0-hcdyg64/bin/../lib/gcc/../../lib/gcc/x86_64-pc-linux-gnu/9.3.0/../../../../include/c++/9.3.0"]
  ignore line: [ignoring duplicate directory "/cvmfs/argon-private.hpc.uiowa.edu/ssoft/apps/2021.1/linux-centos7-x86_64/gcc-4.8.5/gcc-9.3.0-hcdyg64/bin/../lib/gcc/../../lib/gcc/x86_64-pc-linux-gnu/9.3.0/../../../../include/c++/9.3.0/x86_64-pc-linux-gnu"]
  ignore line: [ignoring duplicate directory "/cvmfs/argon-private.hpc.uiowa.edu/ssoft/apps/2021.1/linux-centos7-x86_64/gcc-4.8.5/gcc-9.3.0-hcdyg64/bin/../lib/gcc/../../lib/gcc/x86_64-pc-linux-gnu/9.3.0/../../../../include/c++/9.3.0/backward"]
  ignore line: [ignoring duplicate directory "/cvmfs/argon-private.hpc.uiowa.edu/ssoft/apps/2021.1/linux-centos7-x86_64/gcc-4.8.5/gcc-9.3.0-hcdyg64/bin/../lib/gcc/../../lib/gcc/x86_64-pc-linux-gnu/9.3.0/include"]
  ignore line: [ignoring duplicate directory "/cvmfs/argon-private.hpc.uiowa.edu/ssoft/apps/2021.1/linux-centos7-x86_64/gcc-4.8.5/gcc-9.3.0-hcdyg64/bin/../lib/gcc/../../lib/gcc/x86_64-pc-linux-gnu/9.3.0/include-fixed"]
  ignore line: [ignoring nonexistent directory "/cvmfs/argon-private.hpc.uiowa.edu/ssoft/apps/2021.1/linux-centos7-x86_64/gcc-4.8.5/gcc-9.3.0-hcdyg64/bin/../lib/gcc/../../lib/gcc/x86_64-pc-linux-gnu/9.3.0/../../../../x86_64-pc-linux-gnu/include"]
  ignore line: [#include "..." search starts here:]
  ignore line: [#include <...> search starts here:]
  ignore line: [ /usr/share/apps/2021.1/arch/gcc-9.3.0/intel-mkl-2020.4.304/compilers_and_libraries_2020.4.304/linux/mkl/include]
  ignore line: [ /usr/share/apps/2021.1/arch/gcc-9.3.0/eigen-3.3.9/include/eigen3]
  ignore line: [ /usr/share/apps/2021.1/arch/gcc-9.3.0/fftw-3.3.9/include]
  ignore line: [ /usr/share/apps/2021.1/arch/gcc-9.3.0/itk-5.1.2/include]
  ignore line: [ /usr/share/apps/2021.1/arch/gcc-9.3.0/libtiff-4.1.0/include]
  ignore line: [ /usr/share/apps/2021.1/arch/gcc-9.3.0/libpng-1.6.37/include]
  ignore line: [ /usr/share/apps/2021.1/arch/gcc-9.3.0/libjpeg-turbo-2.0.6/include]
  ignore line: [ /usr/share/apps/2021.1/arch/gcc-9.3.0/hdf5-1.10.7-mpi/include]
  ignore line: [ /usr/share/apps/2021.1/arch/gcc-9.3.0/openmpi-4.0.5/include]
  ignore line: [ /usr/share/apps/2021.1/arch/gcc-9.3.0/libedit-3.1-20210216/include]
  ignore line: [ /usr/share/apps/2021.1/arch/gcc-9.3.0/libfabric-1.12.1/include]
  ignore line: [ /usr/share/apps/2021.1/arch/gcc-9.3.0/ucx-1.10.0/include]
  ignore line: [ /usr/share/apps/2021.1/arch/gcc-4.8.5/rdma-core-34.0/include]
  ignore line: [ /usr/share/apps/2021.1/arch/gcc-4.8.5/psm-3.3/include]
  ignore line: [ /usr/share/apps/2021.1/arch/gcc-4.8.5/opa-psm2-11.2.185/include]
  ignore line: [ /usr/share/apps/2021.1/arch/gcc-9.3.0/libevent-2.1.12/include]
  ignore line: [ /usr/share/apps/2021.1/arch/gcc-9.3.0/hwloc-2.4.1/include]
  ignore line: [ /usr/share/apps/2021.1/arch/gcc-9.3.0/libxml2-2.9.10/include]
  ignore line: [ /usr/share/apps/2021.1/arch/gcc-9.3.0/xz-5.2.5/include]
  ignore line: [ /usr/share/apps/2021.1/arch/gcc-9.3.0/libiconv-1.16/include]
  ignore line: [ /usr/share/apps/2021.1/arch/gcc-9.3.0/libpciaccess-0.16/include]
  ignore line: [ /usr/share/apps/2021.1/arch/gcc-9.3.0/numactl-2.0.14/include]
  ignore line: [ /usr/share/apps/2021.1/arch/gcc-9.3.0/libszip-2.1.1/include]
  ignore line: [ /usr/share/apps/2021.1/arch/gcc-9.3.0/googletest-1.10.0/include]
  ignore line: [ /usr/share/apps/2021.1/arch/gcc-9.3.0/expat-2.2.10/include]
  ignore line: [ /usr/share/apps/2021.1/arch/gcc-9.3.0/libbsd-0.10.0/include]
  ignore line: [ /usr/share/apps/2021.1/arch/gcc-9.3.0/eigen-3.3.9/include]
  ignore line: [ /usr/share/apps/2021.1/arch/gcc-9.3.0/openssl-1.1.1k/include]
  ignore line: [ /usr/share/apps/2021.1/arch/gcc-9.3.0/zlib-1.2.11/include]
  ignore line: [ /usr/share/apps/2021.1/arch/gcc-9.3.0/ncurses-6.2/include]
  ignore line: [ /cvmfs/argon-private.hpc.uiowa.edu/ssoft/apps/2021.1/linux-centos7-x86_64/gcc-4.8.5/gcc-9.3.0-hcdyg64/bin/../lib/gcc/x86_64-pc-linux-gnu/9.3.0/../../../../include/c++/9.3.0]
  ignore line: [ /cvmfs/argon-private.hpc.uiowa.edu/ssoft/apps/2021.1/linux-centos7-x86_64/gcc-4.8.5/gcc-9.3.0-hcdyg64/bin/../lib/gcc/x86_64-pc-linux-gnu/9.3.0/../../../../include/c++/9.3.0/x86_64-pc-linux-gnu]
  ignore line: [ /cvmfs/argon-private.hpc.uiowa.edu/ssoft/apps/2021.1/linux-centos7-x86_64/gcc-4.8.5/gcc-9.3.0-hcdyg64/bin/../lib/gcc/x86_64-pc-linux-gnu/9.3.0/../../../../include/c++/9.3.0/backward]
  ignore line: [ /cvmfs/argon-private.hpc.uiowa.edu/ssoft/apps/2021.1/linux-centos7-x86_64/gcc-4.8.5/gcc-9.3.0-hcdyg64/bin/../lib/gcc/x86_64-pc-linux-gnu/9.3.0/include]
  ignore line: [ /cvmfs/argon-private.hpc.uiowa.edu/ssoft/apps/2021.1/linux-centos7-x86_64/gcc-4.8.5/gcc-9.3.0-hcdyg64/bin/../lib/gcc/x86_64-pc-linux-gnu/9.3.0/include-fixed]
  ignore line: [ /usr/local/include]
  ignore line: [ /cvmfs/argon-private.hpc.uiowa.edu/ssoft/apps/2021.1/linux-centos7-x86_64/gcc-4.8.5/gcc-9.3.0-hcdyg64/bin/../lib/gcc/../../include]
  ignore line: [ /usr/include]
  ignore line: [End of search list.]
  ignore line: [GNU C++14 (Spack GCC) version 9.3.0 (x86_64-pc-linux-gnu)]
  ignore line: [	compiled by GNU C version 9.3.0  GMP version 6.2.1  MPFR version 3.1.6-p2  MPC version 1.1.0  isl version none]
  ignore line: [GGC heuristics: --param ggc-min-expand=100 --param ggc-min-heapsize=131072]
  ignore line: [Compiler executable checksum: f3f7e4627e59291bedc776a4eb3e2f62]
  ignore line: [COLLECT_GCC_OPTIONS='-v' '-o' 'CMakeFiles/cmTC_6619f.dir/CMakeCXXCompilerABI.cpp.o' '-c' '-shared-libgcc' '-mtune=generic' '-march=x86-64']
  ignore line: [ as -v --64 -o CMakeFiles/cmTC_6619f.dir/CMakeCXXCompilerABI.cpp.o /localscratch/cc7zcKlF.s]
  ignore line: [GNU assembler version 2.27 (x86_64-redhat-linux) using BFD version version 2.27-44.base.el7_9.1]
  ignore line: [COMPILER_PATH=/cvmfs/argon-private.hpc.uiowa.edu/ssoft/apps/2021.1/linux-centos7-x86_64/gcc-4.8.5/gcc-9.3.0-hcdyg64/bin/../libexec/gcc/x86_64-pc-linux-gnu/9.3.0/:/cvmfs/argon-private.hpc.uiowa.edu/ssoft/apps/2021.1/linux-centos7-x86_64/gcc-4.8.5/gcc-9.3.0-hcdyg64/bin/../libexec/gcc/]
  ignore line: [LIBRARY_PATH=/cvmfs/argon-private.hpc.uiowa.edu/ssoft/apps/2021.1/linux-centos7-x86_64/gcc-4.8.5/gcc-9.3.0-hcdyg64/bin/../lib/gcc/x86_64-pc-linux-gnu/9.3.0/:/cvmfs/argon-private.hpc.uiowa.edu/ssoft/apps/2021.1/linux-centos7-x86_64/gcc-4.8.5/gcc-9.3.0-hcdyg64/bin/../lib/gcc/:/usr/share/apps/2021.1/arch/gcc-9.3.0/libjpeg-turbo-2.0.6/lib64/../lib64/:/usr/share/apps/2021.1/arch/gcc-4.8.5/rdma-core-34.0/lib64/../lib64/:/usr/share/apps/2021.1/arch/gcc-4.8.5/rdma-core-34.0/lib/../lib64/:/usr/share/apps/2021.1/arch/gcc-4.8.5/psm-3.3/lib64/../lib64/:/usr/share/apps/2021.1/arch/gcc-9.3.0/googletest-1.10.0/lib64/../lib64/:/cvmfs/argon-private.hpc.uiowa.edu/ssoft/apps/2021.1/linux-centos7-x86_64/gcc-4.8.5/gcc-9.3.0-hcdyg64/bin/../lib/gcc/x86_64-pc-linux-gnu/9.3.0/../../../../lib64/:/lib/../lib64/:/usr/lib/../lib64/:/usr/share/apps/2021.1/arch/gcc-9.3.0/fftw-3.3.9/lib/:/usr/share/apps/2021.1/arch/gcc-9.3.0/itk-5.1.2/lib/:/usr/share/apps/2021.1/arch/gcc-9.3.0/libtiff-4.1.0/lib/:/usr/share/apps/2021.1/arch/gcc-9.3.0/libpng-1.6.37/lib/:/usr/share/apps/2021.1/arch/gcc-9.3.0/libjpeg-turbo-2.0.6/lib64/:/usr/share/apps/2021.1/arch/gcc-9.3.0/intel-mkl-2020.4.304/compilers_and_libraries_2020.4.304/linux/compiler/lib/intel64_lin/:/usr/share/apps/2021.1/arch/gcc-9.3.0/intel-mkl-2020.4.304/compilers_and_libraries_2020.4.304/linux/mkl/lib/intel64_lin/:/usr/share/apps/2021.1/arch/gcc-9.3.0/intel-mkl-2020.4.304/lib/:/usr/share/apps/2021.1/arch/gcc-9.3.0/hdf5-1.10.7-mpi/lib/:/usr/share/apps/2021.1/arch/gcc-9.3.0/openmpi-4.0.5/lib/:/usr/share/apps/2021.1/arch/gcc-9.3.0/libedit-3.1-20210216/lib/:/usr/share/apps/2021.1/arch/gcc-9.3.0/libfabric-1.12.1/lib/:/usr/share/apps/2021.1/arch/gcc-9.3.0/ucx-1.10.0/lib/:/usr/share/apps/2021.1/arch/gcc-4.8.5/rdma-core-34.0/lib64/:/usr/share/apps/2021.1/arch/gcc-4.8.5/rdma-core-34.0/lib/:/usr/share/apps/2021.1/arch/gcc-4.8.5/psm-3.3/lib64/:/usr/share/apps/2021.1/arch/gcc-4.8.5/opa-psm2-11.2.185/lib/:/usr/share/apps/2021.1/arch/gcc-9.3.0/libevent-2.1.12/lib/:/usr/share/apps/2021.1/arch/gcc-9.3.0/hwloc-2.4.1/lib/:/usr/share/apps/2021.1/arch/gcc-9.3.0/libxml2-2.9.10/lib/:/usr/share/apps/2021.1/arch/gcc-9.3.0/xz-5.2.5/lib/:/usr/share/apps/2021.1/arch/gcc-9.3.0/libiconv-1.16/lib/:/usr/share/apps/2021.1/arch/gcc-9.3.0/libpciaccess-0.16/lib/:/usr/share/apps/2021.1/arch/gcc-9.3.0/numactl-2.0.14/lib/:/usr/share/apps/2021.1/arch/gcc-9.3.0/libszip-2.1.1/lib/:/usr/share/apps/2021.1/arch/gcc-9.3.0/googletest-1.10.0/lib64/:/usr/share/apps/2021.1/arch/gcc-9.3.0/expat-2.2.10/lib/:/usr/share/apps/2021.1/arch/gcc-9.3.0/libbsd-0.10.0/lib/:/usr/share/apps/2021.1/arch/gcc-9.3.0/openssl-1.1.1k/lib/:/usr/share/apps/2021.1/arch/gcc-9.3.0/zlib-1.2.11/lib/:/usr/share/apps/2021.1/arch/gcc-9.3.0/ncurses-6.2/lib/:/cvmfs/argon-private.hpc.uiowa.edu/ssoft/apps/2021.1/linux-centos7-x86_64/gcc-4.8.5/gcc-9.3.0-hcdyg64/bin/../lib/gcc/x86_64-pc-linux-gnu/9.3.0/../../../:/lib/:/usr/lib/]
  ignore line: [COLLECT_GCC_OPTIONS='-v' '-o' 'CMakeFiles/cmTC_6619f.dir/CMakeCXXCompilerABI.cpp.o' '-c' '-shared-libgcc' '-mtune=generic' '-march=x86-64']
  ignore line: [Linking CXX executable cmTC_6619f]
  ignore line: [/cvmfs/argon-private.hpc.uiowa.edu/ssoft/apps/2021.1/linux-centos7-broadwell/gcc-9.3.0/cmake-3.20.0-xbgm6ur/bin/cmake -E cmake_link_script CMakeFiles/cmTC_6619f.dir/link.txt --verbose=1]
  ignore line: [/opt/ssoft/apps/2021.1/linux-centos7-x86_64/gcc-4.8.5/gcc-9.3.0-hcdyg64/bin/g++  -v CMakeFiles/cmTC_6619f.dir/CMakeCXXCompilerABI.cpp.o -o cmTC_6619f ]
  ignore line: [Reading specs from /cvmfs/argon-private.hpc.uiowa.edu/ssoft/apps/2021.1/linux-centos7-x86_64/gcc-4.8.5/gcc-9.3.0-hcdyg64/bin/../lib/gcc/x86_64-pc-linux-gnu/9.3.0/specs]
  ignore line: [COLLECT_GCC=/opt/ssoft/apps/2021.1/linux-centos7-x86_64/gcc-4.8.5/gcc-9.3.0-hcdyg64/bin/g++]
  ignore line: [COLLECT_LTO_WRAPPER=/cvmfs/argon-private.hpc.uiowa.edu/ssoft/apps/2021.1/linux-centos7-x86_64/gcc-4.8.5/gcc-9.3.0-hcdyg64/bin/../libexec/gcc/x86_64-pc-linux-gnu/9.3.0/lto-wrapper]
  ignore line: [Target: x86_64-pc-linux-gnu]
  ignore line: [Configured with: /dev/shm/gpjohnsn/spack-stage-gcc-9.3.0-hcdyg64ajadrumevpvh3qudlfypcd3wt/spack-src/configure --prefix=/opt/ssoft/apps/2021.1/linux-centos7-x86_64/gcc-4.8.5/gcc-9.3.0-hcdyg64 --with-pkgversion='Spack GCC' --with-bugurl=https://github.com/spack/spack/issues --disable-multilib --enable-languages=c c++ fortran --disable-nls --with-system-zlib --with-mpfr-include=/opt/ssoft/apps/2021.1/linux-centos7-x86_64/gcc-4.8.5/mpfr-3.1.6-xydh3uy/include --with-mpfr-lib=/opt/ssoft/apps/2021.1/linux-centos7-x86_64/gcc-4.8.5/mpfr-3.1.6-xydh3uy/lib --with-gmp-include=/opt/ssoft/apps/2021.1/linux-centos7-x86_64/gcc-4.8.5/gmp-6.2.1-2a7lf66/include --with-gmp-lib=/opt/ssoft/apps/2021.1/linux-centos7-x86_64/gcc-4.8.5/gmp-6.2.1-2a7lf66/lib --with-mpc-include=/opt/ssoft/apps/2021.1/linux-centos7-x86_64/gcc-4.8.5/mpc-1.1.0-as25tue/include --with-mpc-lib=/opt/ssoft/apps/2021.1/linux-centos7-x86_64/gcc-4.8.5/mpc-1.1.0-as25tue/lib --without-isl --with-stage1-ldflags='-Wl -rpath /opt/ssoft/apps/2021.1/linux-centos7-x86_64/gcc-4.8.5/gcc-9.3.0-hcdyg64/lib -Wl -rpath /opt/ssoft/apps/2021.1/linux-centos7-x86_64/gcc-4.8.5/gcc-9.3.0-hcdyg64/lib64 -Wl -rpath /opt/ssoft/apps/2021.1/linux-centos7-x86_64/gcc-4.8.5/gmp-6.2.1-2a7lf66/lib -Wl -rpath /opt/ssoft/apps/2021.1/linux-centos7-x86_64/gcc-4.8.5/mpc-1.1.0-as25tue/lib -Wl -rpath /opt/ssoft/apps/2021.1/linux-centos7-x86_64/gcc-4.8.5/mpfr-3.1.6-xydh3uy/lib -Wl -rpath /opt/ssoft/apps/2021.1/linux-centos7-x86_64/gcc-4.8.5/zlib-1.2.11-64vg6e4/lib' --with-boot-ldflags='-Wl -rpath /opt/ssoft/apps/2021.1/linux-centos7-x86_64/gcc-4.8.5/gcc-9.3.0-hcdyg64/lib -Wl -rpath /opt/ssoft/apps/2021.1/linux-centos7-x86_64/gcc-4.8.5/gcc-9.3.0-hcdyg64/lib64 -Wl -rpath /opt/ssoft/apps/2021.1/linux-centos7-x86_64/gcc-4.8.5/gmp-6.2.1-2a7lf66/lib -Wl -rpath /opt/ssoft/apps/2021.1/linux-centos7-x86_64/gcc-4.8.5/mpc-1.1.0-as25tue/lib -Wl -rpath /opt/ssoft/apps/2021.1/linux-centos7-x86_64/gcc-4.8.5/mpfr-3.1.6-xydh3uy/lib -Wl -rpath /opt/ssoft/apps/2021.1/linux-centos7-x86_64/gcc-4.8.5/zlib-1.2.11-64vg6e4/lib -static-libstdc++ -static-libgcc']
  ignore line: [Thread model: posix]
  ignore line: [gcc version 9.3.0 (Spack GCC) ]
  ignore line: [COMPILER_PATH=/cvmfs/argon-private.hpc.uiowa.edu/ssoft/apps/2021.1/linux-centos7-x86_64/gcc-4.8.5/gcc-9.3.0-hcdyg64/bin/../libexec/gcc/x86_64-pc-linux-gnu/9.3.0/:/cvmfs/argon-private.hpc.uiowa.edu/ssoft/apps/2021.1/linux-centos7-x86_64/gcc-4.8.5/gcc-9.3.0-hcdyg64/bin/../libexec/gcc/]
  ignore line: [LIBRARY_PATH=/cvmfs/argon-private.hpc.uiowa.edu/ssoft/apps/2021.1/linux-centos7-x86_64/gcc-4.8.5/gcc-9.3.0-hcdyg64/bin/../lib/gcc/x86_64-pc-linux-gnu/9.3.0/:/cvmfs/argon-private.hpc.uiowa.edu/ssoft/apps/2021.1/linux-centos7-x86_64/gcc-4.8.5/gcc-9.3.0-hcdyg64/bin/../lib/gcc/:/usr/share/apps/2021.1/arch/gcc-9.3.0/libjpeg-turbo-2.0.6/lib64/../lib64/:/usr/share/apps/2021.1/arch/gcc-4.8.5/rdma-core-34.0/lib64/../lib64/:/usr/share/apps/2021.1/arch/gcc-4.8.5/rdma-core-34.0/lib/../lib64/:/usr/share/apps/2021.1/arch/gcc-4.8.5/psm-3.3/lib64/../lib64/:/usr/share/apps/2021.1/arch/gcc-9.3.0/googletest-1.10.0/lib64/../lib64/:/cvmfs/argon-private.hpc.uiowa.edu/ssoft/apps/2021.1/linux-centos7-x86_64/gcc-4.8.5/gcc-9.3.0-hcdyg64/bin/../lib/gcc/x86_64-pc-linux-gnu/9.3.0/../../../../lib64/:/lib/../lib64/:/usr/lib/../lib64/:/usr/share/apps/2021.1/arch/gcc-9.3.0/fftw-3.3.9/lib/:/usr/share/apps/2021.1/arch/gcc-9.3.0/itk-5.1.2/lib/:/usr/share/apps/2021.1/arch/gcc-9.3.0/libtiff-4.1.0/lib/:/usr/share/apps/2021.1/arch/gcc-9.3.0/libpng-1.6.37/lib/:/usr/share/apps/2021.1/arch/gcc-9.3.0/libjpeg-turbo-2.0.6/lib64/:/usr/share/apps/2021.1/arch/gcc-9.3.0/intel-mkl-2020.4.304/compilers_and_libraries_2020.4.304/linux/compiler/lib/intel64_lin/:/usr/share/apps/2021.1/arch/gcc-9.3.0/intel-mkl-2020.4.304/compilers_and_libraries_2020.4.304/linux/mkl/lib/intel64_lin/:/usr/share/apps/2021.1/arch/gcc-9.3.0/intel-mkl-2020.4.304/lib/:/usr/share/apps/2021.1/arch/gcc-9.3.0/hdf5-1.10.7-mpi/lib/:/usr/share/apps/2021.1/arch/gcc-9.3.0/openmpi-4.0.5/lib/:/usr/share/apps/2021.1/arch/gcc-9.3.0/libedit-3.1-20210216/lib/:/usr/share/apps/2021.1/arch/gcc-9.3.0/libfabric-1.12.1/lib/:/usr/share/apps/2021.1/arch/gcc-9.3.0/ucx-1.10.0/lib/:/usr/share/apps/2021.1/arch/gcc-4.8.5/rdma-core-34.0/lib64/:/usr/share/apps/2021.1/arch/gcc-4.8.5/rdma-core-34.0/lib/:/usr/share/apps/2021.1/arch/gcc-4.8.5/psm-3.3/lib64/:/usr/share/apps/2021.1/arch/gcc-4.8.5/opa-psm2-11.2.185/lib/:/usr/share/apps/2021.1/arch/gcc-9.3.0/libevent-2.1.12/lib/:/usr/share/apps/2021.1/arch/gcc-9.3.0/hwloc-2.4.1/lib/:/usr/share/apps/2021.1/arch/gcc-9.3.0/libxml2-2.9.10/lib/:/usr/share/apps/2021.1/arch/gcc-9.3.0/xz-5.2.5/lib/:/usr/share/apps/2021.1/arch/gcc-9.3.0/libiconv-1.16/lib/:/usr/share/apps/2021.1/arch/gcc-9.3.0/libpciaccess-0.16/lib/:/usr/share/apps/2021.1/arch/gcc-9.3.0/numactl-2.0.14/lib/:/usr/share/apps/2021.1/arch/gcc-9.3.0/libszip-2.1.1/lib/:/usr/share/apps/2021.1/arch/gcc-9.3.0/googletest-1.10.0/lib64/:/usr/share/apps/2021.1/arch/gcc-9.3.0/expat-2.2.10/lib/:/usr/share/apps/2021.1/arch/gcc-9.3.0/libbsd-0.10.0/lib/:/usr/share/apps/2021.1/arch/gcc-9.3.0/openssl-1.1.1k/lib/:/usr/share/apps/2021.1/arch/gcc-9.3.0/zlib-1.2.11/lib/:/usr/share/apps/2021.1/arch/gcc-9.3.0/ncurses-6.2/lib/:/cvmfs/argon-private.hpc.uiowa.edu/ssoft/apps/2021.1/linux-centos7-x86_64/gcc-4.8.5/gcc-9.3.0-hcdyg64/bin/../lib/gcc/x86_64-pc-linux-gnu/9.3.0/../../../:/lib/:/usr/lib/]
  ignore line: [COLLECT_GCC_OPTIONS='-v' '-o' 'cmTC_6619f' '-shared-libgcc' '-mtune=generic' '-march=x86-64']
  link line: [ /cvmfs/argon-private.hpc.uiowa.edu/ssoft/apps/2021.1/linux-centos7-x86_64/gcc-4.8.5/gcc-9.3.0-hcdyg64/bin/../libexec/gcc/x86_64-pc-linux-gnu/9.3.0/collect2 -plugin /cvmfs/argon-private.hpc.uiowa.edu/ssoft/apps/2021.1/linux-centos7-x86_64/gcc-4.8.5/gcc-9.3.0-hcdyg64/bin/../libexec/gcc/x86_64-pc-linux-gnu/9.3.0/liblto_plugin.so -plugin-opt=/cvmfs/argon-private.hpc.uiowa.edu/ssoft/apps/2021.1/linux-centos7-x86_64/gcc-4.8.5/gcc-9.3.0-hcdyg64/bin/../libexec/gcc/x86_64-pc-linux-gnu/9.3.0/lto-wrapper -plugin-opt=-fresolution=/localscratch/cciKbU9P.res -plugin-opt=-pass-through=-lgcc_s -plugin-opt=-pass-through=-lgcc -plugin-opt=-pass-through=-lc -plugin-opt=-pass-through=-lgcc_s -plugin-opt=-pass-through=-lgcc -rpath /opt/ssoft/apps/2021.1/linux-centos7-x86_64/gcc-4.8.5/gcc-9.3.0-hcdyg64/lib:/opt/ssoft/apps/2021.1/linux-centos7-x86_64/gcc-4.8.5/gcc-9.3.0-hcdyg64/lib64 --eh-frame-hdr -m elf_x86_64 -dynamic-linker /lib64/ld-linux-x86-64.so.2 -o cmTC_6619f /lib/../lib64/crt1.o /lib/../lib64/crti.o /cvmfs/argon-private.hpc.uiowa.edu/ssoft/apps/2021.1/linux-centos7-x86_64/gcc-4.8.5/gcc-9.3.0-hcdyg64/bin/../lib/gcc/x86_64-pc-linux-gnu/9.3.0/crtbegin.o -L/cvmfs/argon-private.hpc.uiowa.edu/ssoft/apps/2021.1/linux-centos7-x86_64/gcc-4.8.5/gcc-9.3.0-hcdyg64/bin/../lib/gcc/x86_64-pc-linux-gnu/9.3.0 -L/cvmfs/argon-private.hpc.uiowa.edu/ssoft/apps/2021.1/linux-centos7-x86_64/gcc-4.8.5/gcc-9.3.0-hcdyg64/bin/../lib/gcc -L/usr/share/apps/2021.1/arch/gcc-9.3.0/libjpeg-turbo-2.0.6/lib64/../lib64 -L/usr/share/apps/2021.1/arch/gcc-4.8.5/rdma-core-34.0/lib64/../lib64 -L/usr/share/apps/2021.1/arch/gcc-4.8.5/rdma-core-34.0/lib/../lib64 -L/usr/share/apps/2021.1/arch/gcc-4.8.5/psm-3.3/lib64/../lib64 -L/usr/share/apps/2021.1/arch/gcc-9.3.0/googletest-1.10.0/lib64/../lib64 -L/cvmfs/argon-private.hpc.uiowa.edu/ssoft/apps/2021.1/linux-centos7-x86_64/gcc-4.8.5/gcc-9.3.0-hcdyg64/bin/../lib/gcc/x86_64-pc-linux-gnu/9.3.0/../../../../lib64 -L/lib/../lib64 -L/usr/lib/../lib64 -L/usr/share/apps/2021.1/arch/gcc-9.3.0/fftw-3.3.9/lib -L/usr/share/apps/2021.1/arch/gcc-9.3.0/itk-5.1.2/lib -L/usr/share/apps/2021.1/arch/gcc-9.3.0/libtiff-4.1.0/lib -L/usr/share/apps/2021.1/arch/gcc-9.3.0/libpng-1.6.37/lib -L/usr/share/apps/2021.1/arch/gcc-9.3.0/libjpeg-turbo-2.0.6/lib64 -L/usr/share/apps/2021.1/arch/gcc-9.3.0/intel-mkl-2020.4.304/compilers_and_libraries_2020.4.304/linux/compiler/lib/intel64_lin -L/usr/share/apps/2021.1/arch/gcc-9.3.0/intel-mkl-2020.4.304/compilers_and_libraries_2020.4.304/linux/mkl/lib/intel64_lin -L/usr/share/apps/2021.1/arch/gcc-9.3.0/intel-mkl-2020.4.304/lib -L/usr/share/apps/2021.1/arch/gcc-9.3.0/hdf5-1.10.7-mpi/lib -L/usr/share/apps/2021.1/arch/gcc-9.3.0/openmpi-4.0.5/lib -L/usr/share/apps/2021.1/arch/gcc-9.3.0/libedit-3.1-20210216/lib -L/usr/share/apps/2021.1/arch/gcc-9.3.0/libfabric-1.12.1/lib -L/usr/share/apps/2021.1/arch/gcc-9.3.0/ucx-1.10.0/lib -L/usr/share/apps/2021.1/arch/gcc-4.8.5/rdma-core-34.0/lib64 -L/usr/share/apps/2021.1/arch/gcc-4.8.5/rdma-core-34.0/lib -L/usr/share/apps/2021.1/arch/gcc-4.8.5/psm-3.3/lib64 -L/usr/share/apps/2021.1/arch/gcc-4.8.5/opa-psm2-11.2.185/lib -L/usr/share/apps/2021.1/arch/gcc-9.3.0/libevent-2.1.12/lib -L/usr/share/apps/2021.1/arch/gcc-9.3.0/hwloc-2.4.1/lib -L/usr/share/apps/2021.1/arch/gcc-9.3.0/libxml2-2.9.10/lib -L/usr/share/apps/2021.1/arch/gcc-9.3.0/xz-5.2.5/lib -L/usr/share/apps/2021.1/arch/gcc-9.3.0/libiconv-1.16/lib -L/usr/share/apps/2021.1/arch/gcc-9.3.0/libpciaccess-0.16/lib -L/usr/share/apps/2021.1/arch/gcc-9.3.0/numactl-2.0.14/lib -L/usr/share/apps/2021.1/arch/gcc-9.3.0/libszip-2.1.1/lib -L/usr/share/apps/2021.1/arch/gcc-9.3.0/googletest-1.10.0/lib64 -L/usr/share/apps/2021.1/arch/gcc-9.3.0/expat-2.2.10/lib -L/usr/share/apps/2021.1/arch/gcc-9.3.0/libbsd-0.10.0/lib -L/usr/share/apps/2021.1/arch/gcc-9.3.0/openssl-1.1.1k/lib -L/usr/share/apps/2021.1/arch/gcc-9.3.0/zlib-1.2.11/lib -L/usr/share/apps/2021.1/arch/gcc-9.3.0/ncurses-6.2/lib -L/cvmfs/argon-private.hpc.uiowa.edu/ssoft/apps/2021.1/linux-centos7-x86_64/gcc-4.8.5/gcc-9.3.0-hcdyg64/bin/../lib/gcc/x86_64-pc-linux-gnu/9.3.0/../../.. CMakeFiles/cmTC_6619f.dir/CMakeCXXCompilerABI.cpp.o -lstdc++ -lm -lgcc_s -lgcc -lc -lgcc_s -lgcc /cvmfs/argon-private.hpc.uiowa.edu/ssoft/apps/2021.1/linux-centos7-x86_64/gcc-4.8.5/gcc-9.3.0-hcdyg64/bin/../lib/gcc/x86_64-pc-linux-gnu/9.3.0/crtend.o /lib/../lib64/crtn.o]
    arg [/cvmfs/argon-private.hpc.uiowa.edu/ssoft/apps/2021.1/linux-centos7-x86_64/gcc-4.8.5/gcc-9.3.0-hcdyg64/bin/../libexec/gcc/x86_64-pc-linux-gnu/9.3.0/collect2] ==> ignore
    arg [-plugin] ==> ignore
    arg [/cvmfs/argon-private.hpc.uiowa.edu/ssoft/apps/2021.1/linux-centos7-x86_64/gcc-4.8.5/gcc-9.3.0-hcdyg64/bin/../libexec/gcc/x86_64-pc-linux-gnu/9.3.0/liblto_plugin.so] ==> ignore
    arg [-plugin-opt=/cvmfs/argon-private.hpc.uiowa.edu/ssoft/apps/2021.1/linux-centos7-x86_64/gcc-4.8.5/gcc-9.3.0-hcdyg64/bin/../libexec/gcc/x86_64-pc-linux-gnu/9.3.0/lto-wrapper] ==> ignore
    arg [-plugin-opt=-fresolution=/localscratch/cciKbU9P.res] ==> ignore
    arg [-plugin-opt=-pass-through=-lgcc_s] ==> ignore
    arg [-plugin-opt=-pass-through=-lgcc] ==> ignore
    arg [-plugin-opt=-pass-through=-lc] ==> ignore
    arg [-plugin-opt=-pass-through=-lgcc_s] ==> ignore
    arg [-plugin-opt=-pass-through=-lgcc] ==> ignore
    arg [-rpath] ==> ignore
    arg [/opt/ssoft/apps/2021.1/linux-centos7-x86_64/gcc-4.8.5/gcc-9.3.0-hcdyg64/lib:/opt/ssoft/apps/2021.1/linux-centos7-x86_64/gcc-4.8.5/gcc-9.3.0-hcdyg64/lib64] ==> ignore
    arg [--eh-frame-hdr] ==> ignore
    arg [-m] ==> ignore
    arg [elf_x86_64] ==> ignore
    arg [-dynamic-linker] ==> ignore
    arg [/lib64/ld-linux-x86-64.so.2] ==> ignore
    arg [-o] ==> ignore
    arg [cmTC_6619f] ==> ignore
    arg [/lib/../lib64/crt1.o] ==> ignore
    arg [/lib/../lib64/crti.o] ==> ignore
    arg [/cvmfs/argon-private.hpc.uiowa.edu/ssoft/apps/2021.1/linux-centos7-x86_64/gcc-4.8.5/gcc-9.3.0-hcdyg64/bin/../lib/gcc/x86_64-pc-linux-gnu/9.3.0/crtbegin.o] ==> ignore
    arg [-L/cvmfs/argon-private.hpc.uiowa.edu/ssoft/apps/2021.1/linux-centos7-x86_64/gcc-4.8.5/gcc-9.3.0-hcdyg64/bin/../lib/gcc/x86_64-pc-linux-gnu/9.3.0] ==> dir [/cvmfs/argon-private.hpc.uiowa.edu/ssoft/apps/2021.1/linux-centos7-x86_64/gcc-4.8.5/gcc-9.3.0-hcdyg64/bin/../lib/gcc/x86_64-pc-linux-gnu/9.3.0]
    arg [-L/cvmfs/argon-private.hpc.uiowa.edu/ssoft/apps/2021.1/linux-centos7-x86_64/gcc-4.8.5/gcc-9.3.0-hcdyg64/bin/../lib/gcc] ==> dir [/cvmfs/argon-private.hpc.uiowa.edu/ssoft/apps/2021.1/linux-centos7-x86_64/gcc-4.8.5/gcc-9.3.0-hcdyg64/bin/../lib/gcc]
    arg [-L/usr/share/apps/2021.1/arch/gcc-9.3.0/libjpeg-turbo-2.0.6/lib64/../lib64] ==> dir [/usr/share/apps/2021.1/arch/gcc-9.3.0/libjpeg-turbo-2.0.6/lib64/../lib64]
    arg [-L/usr/share/apps/2021.1/arch/gcc-4.8.5/rdma-core-34.0/lib64/../lib64] ==> dir [/usr/share/apps/2021.1/arch/gcc-4.8.5/rdma-core-34.0/lib64/../lib64]
    arg [-L/usr/share/apps/2021.1/arch/gcc-4.8.5/rdma-core-34.0/lib/../lib64] ==> dir [/usr/share/apps/2021.1/arch/gcc-4.8.5/rdma-core-34.0/lib/../lib64]
    arg [-L/usr/share/apps/2021.1/arch/gcc-4.8.5/psm-3.3/lib64/../lib64] ==> dir [/usr/share/apps/2021.1/arch/gcc-4.8.5/psm-3.3/lib64/../lib64]
    arg [-L/usr/share/apps/2021.1/arch/gcc-9.3.0/googletest-1.10.0/lib64/../lib64] ==> dir [/usr/share/apps/2021.1/arch/gcc-9.3.0/googletest-1.10.0/lib64/../lib64]
    arg [-L/cvmfs/argon-private.hpc.uiowa.edu/ssoft/apps/2021.1/linux-centos7-x86_64/gcc-4.8.5/gcc-9.3.0-hcdyg64/bin/../lib/gcc/x86_64-pc-linux-gnu/9.3.0/../../../../lib64] ==> dir [/cvmfs/argon-private.hpc.uiowa.edu/ssoft/apps/2021.1/linux-centos7-x86_64/gcc-4.8.5/gcc-9.3.0-hcdyg64/bin/../lib/gcc/x86_64-pc-linux-gnu/9.3.0/../../../../lib64]
    arg [-L/lib/../lib64] ==> dir [/lib/../lib64]
    arg [-L/usr/lib/../lib64] ==> dir [/usr/lib/../lib64]
    arg [-L/usr/share/apps/2021.1/arch/gcc-9.3.0/fftw-3.3.9/lib] ==> dir [/usr/share/apps/2021.1/arch/gcc-9.3.0/fftw-3.3.9/lib]
    arg [-L/usr/share/apps/2021.1/arch/gcc-9.3.0/itk-5.1.2/lib] ==> dir [/usr/share/apps/2021.1/arch/gcc-9.3.0/itk-5.1.2/lib]
    arg [-L/usr/share/apps/2021.1/arch/gcc-9.3.0/libtiff-4.1.0/lib] ==> dir [/usr/share/apps/2021.1/arch/gcc-9.3.0/libtiff-4.1.0/lib]
    arg [-L/usr/share/apps/2021.1/arch/gcc-9.3.0/libpng-1.6.37/lib] ==> dir [/usr/share/apps/2021.1/arch/gcc-9.3.0/libpng-1.6.37/lib]
    arg [-L/usr/share/apps/2021.1/arch/gcc-9.3.0/libjpeg-turbo-2.0.6/lib64] ==> dir [/usr/share/apps/2021.1/arch/gcc-9.3.0/libjpeg-turbo-2.0.6/lib64]
    arg [-L/usr/share/apps/2021.1/arch/gcc-9.3.0/intel-mkl-2020.4.304/compilers_and_libraries_2020.4.304/linux/compiler/lib/intel64_lin] ==> dir [/usr/share/apps/2021.1/arch/gcc-9.3.0/intel-mkl-2020.4.304/compilers_and_libraries_2020.4.304/linux/compiler/lib/intel64_lin]
    arg [-L/usr/share/apps/2021.1/arch/gcc-9.3.0/intel-mkl-2020.4.304/compilers_and_libraries_2020.4.304/linux/mkl/lib/intel64_lin] ==> dir [/usr/share/apps/2021.1/arch/gcc-9.3.0/intel-mkl-2020.4.304/compilers_and_libraries_2020.4.304/linux/mkl/lib/intel64_lin]
    arg [-L/usr/share/apps/2021.1/arch/gcc-9.3.0/intel-mkl-2020.4.304/lib] ==> dir [/usr/share/apps/2021.1/arch/gcc-9.3.0/intel-mkl-2020.4.304/lib]
    arg [-L/usr/share/apps/2021.1/arch/gcc-9.3.0/hdf5-1.10.7-mpi/lib] ==> dir [/usr/share/apps/2021.1/arch/gcc-9.3.0/hdf5-1.10.7-mpi/lib]
    arg [-L/usr/share/apps/2021.1/arch/gcc-9.3.0/openmpi-4.0.5/lib] ==> dir [/usr/share/apps/2021.1/arch/gcc-9.3.0/openmpi-4.0.5/lib]
    arg [-L/usr/share/apps/2021.1/arch/gcc-9.3.0/libedit-3.1-20210216/lib] ==> dir [/usr/share/apps/2021.1/arch/gcc-9.3.0/libedit-3.1-20210216/lib]
    arg [-L/usr/share/apps/2021.1/arch/gcc-9.3.0/libfabric-1.12.1/lib] ==> dir [/usr/share/apps/2021.1/arch/gcc-9.3.0/libfabric-1.12.1/lib]
    arg [-L/usr/share/apps/2021.1/arch/gcc-9.3.0/ucx-1.10.0/lib] ==> dir [/usr/share/apps/2021.1/arch/gcc-9.3.0/ucx-1.10.0/lib]
    arg [-L/usr/share/apps/2021.1/arch/gcc-4.8.5/rdma-core-34.0/lib64] ==> dir [/usr/share/apps/2021.1/arch/gcc-4.8.5/rdma-core-34.0/lib64]
    arg [-L/usr/share/apps/2021.1/arch/gcc-4.8.5/rdma-core-34.0/lib] ==> dir [/usr/share/apps/2021.1/arch/gcc-4.8.5/rdma-core-34.0/lib]
    arg [-L/usr/share/apps/2021.1/arch/gcc-4.8.5/psm-3.3/lib64] ==> dir [/usr/share/apps/2021.1/arch/gcc-4.8.5/psm-3.3/lib64]
    arg [-L/usr/share/apps/2021.1/arch/gcc-4.8.5/opa-psm2-11.2.185/lib] ==> dir [/usr/share/apps/2021.1/arch/gcc-4.8.5/opa-psm2-11.2.185/lib]
    arg [-L/usr/share/apps/2021.1/arch/gcc-9.3.0/libevent-2.1.12/lib] ==> dir [/usr/share/apps/2021.1/arch/gcc-9.3.0/libevent-2.1.12/lib]
    arg [-L/usr/share/apps/2021.1/arch/gcc-9.3.0/hwloc-2.4.1/lib] ==> dir [/usr/share/apps/2021.1/arch/gcc-9.3.0/hwloc-2.4.1/lib]
    arg [-L/usr/share/apps/2021.1/arch/gcc-9.3.0/libxml2-2.9.10/lib] ==> dir [/usr/share/apps/2021.1/arch/gcc-9.3.0/libxml2-2.9.10/lib]
    arg [-L/usr/share/apps/2021.1/arch/gcc-9.3.0/xz-5.2.5/lib] ==> dir [/usr/share/apps/2021.1/arch/gcc-9.3.0/xz-5.2.5/lib]
    arg [-L/usr/share/apps/2021.1/arch/gcc-9.3.0/libiconv-1.16/lib] ==> dir [/usr/share/apps/2021.1/arch/gcc-9.3.0/libiconv-1.16/lib]
    arg [-L/usr/share/apps/2021.1/arch/gcc-9.3.0/libpciaccess-0.16/lib] ==> dir [/usr/share/apps/2021.1/arch/gcc-9.3.0/libpciaccess-0.16/lib]
    arg [-L/usr/share/apps/2021.1/arch/gcc-9.3.0/numactl-2.0.14/lib] ==> dir [/usr/share/apps/2021.1/arch/gcc-9.3.0/numactl-2.0.14/lib]
    arg [-L/usr/share/apps/2021.1/arch/gcc-9.3.0/libszip-2.1.1/lib] ==> dir [/usr/share/apps/2021.1/arch/gcc-9.3.0/libszip-2.1.1/lib]
    arg [-L/usr/share/apps/2021.1/arch/gcc-9.3.0/googletest-1.10.0/lib64] ==> dir [/usr/share/apps/2021.1/arch/gcc-9.3.0/googletest-1.10.0/lib64]
    arg [-L/usr/share/apps/2021.1/arch/gcc-9.3.0/expat-2.2.10/lib] ==> dir [/usr/share/apps/2021.1/arch/gcc-9.3.0/expat-2.2.10/lib]
    arg [-L/usr/share/apps/2021.1/arch/gcc-9.3.0/libbsd-0.10.0/lib] ==> dir [/usr/share/apps/2021.1/arch/gcc-9.3.0/libbsd-0.10.0/lib]
    arg [-L/usr/share/apps/2021.1/arch/gcc-9.3.0/openssl-1.1.1k/lib] ==> dir [/usr/share/apps/2021.1/arch/gcc-9.3.0/openssl-1.1.1k/lib]
    arg [-L/usr/share/apps/2021.1/arch/gcc-9.3.0/zlib-1.2.11/lib] ==> dir [/usr/share/apps/2021.1/arch/gcc-9.3.0/zlib-1.2.11/lib]
    arg [-L/usr/share/apps/2021.1/arch/gcc-9.3.0/ncurses-6.2/lib] ==> dir [/usr/share/apps/2021.1/arch/gcc-9.3.0/ncurses-6.2/lib]
    arg [-L/cvmfs/argon-private.hpc.uiowa.edu/ssoft/apps/2021.1/linux-centos7-x86_64/gcc-4.8.5/gcc-9.3.0-hcdyg64/bin/../lib/gcc/x86_64-pc-linux-gnu/9.3.0/../../..] ==> dir [/cvmfs/argon-private.hpc.uiowa.edu/ssoft/apps/2021.1/linux-centos7-x86_64/gcc-4.8.5/gcc-9.3.0-hcdyg64/bin/../lib/gcc/x86_64-pc-linux-gnu/9.3.0/../../..]
    arg [CMakeFiles/cmTC_6619f.dir/CMakeCXXCompilerABI.cpp.o] ==> ignore
    arg [-lstdc++] ==> lib [stdc++]
    arg [-lm] ==> lib [m]
    arg [-lgcc_s] ==> lib [gcc_s]
    arg [-lgcc] ==> lib [gcc]
    arg [-lc] ==> lib [c]
    arg [-lgcc_s] ==> lib [gcc_s]
    arg [-lgcc] ==> lib [gcc]
    arg [/cvmfs/argon-private.hpc.uiowa.edu/ssoft/apps/2021.1/linux-centos7-x86_64/gcc-4.8.5/gcc-9.3.0-hcdyg64/bin/../lib/gcc/x86_64-pc-linux-gnu/9.3.0/crtend.o] ==> ignore
    arg [/lib/../lib64/crtn.o] ==> ignore
  collapse library dir [/cvmfs/argon-private.hpc.uiowa.edu/ssoft/apps/2021.1/linux-centos7-x86_64/gcc-4.8.5/gcc-9.3.0-hcdyg64/bin/../lib/gcc/x86_64-pc-linux-gnu/9.3.0] ==> [/cvmfs/argon-private.hpc.uiowa.edu/ssoft/apps/2021.1/linux-centos7-x86_64/gcc-4.8.5/gcc-9.3.0-hcdyg64/lib/gcc/x86_64-pc-linux-gnu/9.3.0]
  collapse library dir [/cvmfs/argon-private.hpc.uiowa.edu/ssoft/apps/2021.1/linux-centos7-x86_64/gcc-4.8.5/gcc-9.3.0-hcdyg64/bin/../lib/gcc] ==> [/cvmfs/argon-private.hpc.uiowa.edu/ssoft/apps/2021.1/linux-centos7-x86_64/gcc-4.8.5/gcc-9.3.0-hcdyg64/lib/gcc]
  collapse library dir [/usr/share/apps/2021.1/arch/gcc-9.3.0/libjpeg-turbo-2.0.6/lib64/../lib64] ==> [/usr/share/apps/2021.1/arch/gcc-9.3.0/libjpeg-turbo-2.0.6/lib64]
  collapse library dir [/usr/share/apps/2021.1/arch/gcc-4.8.5/rdma-core-34.0/lib64/../lib64] ==> [/usr/share/apps/2021.1/arch/gcc-4.8.5/rdma-core-34.0/lib64]
  collapse library dir [/usr/share/apps/2021.1/arch/gcc-4.8.5/rdma-core-34.0/lib/../lib64] ==> [/usr/share/apps/2021.1/arch/gcc-4.8.5/rdma-core-34.0/lib64]
  collapse library dir [/usr/share/apps/2021.1/arch/gcc-4.8.5/psm-3.3/lib64/../lib64] ==> [/usr/share/apps/2021.1/arch/gcc-4.8.5/psm-3.3/lib64]
  collapse library dir [/usr/share/apps/2021.1/arch/gcc-9.3.0/googletest-1.10.0/lib64/../lib64] ==> [/usr/share/apps/2021.1/arch/gcc-9.3.0/googletest-1.10.0/lib64]
  collapse library dir [/cvmfs/argon-private.hpc.uiowa.edu/ssoft/apps/2021.1/linux-centos7-x86_64/gcc-4.8.5/gcc-9.3.0-hcdyg64/bin/../lib/gcc/x86_64-pc-linux-gnu/9.3.0/../../../../lib64] ==> [/cvmfs/argon-private.hpc.uiowa.edu/ssoft/apps/2021.1/linux-centos7-x86_64/gcc-4.8.5/gcc-9.3.0-hcdyg64/lib64]
  collapse library dir [/lib/../lib64] ==> [/lib64]
  collapse library dir [/usr/lib/../lib64] ==> [/usr/lib64]
  collapse library dir [/usr/share/apps/2021.1/arch/gcc-9.3.0/fftw-3.3.9/lib] ==> [/usr/share/apps/2021.1/arch/gcc-9.3.0/fftw-3.3.9/lib]
  collapse library dir [/usr/share/apps/2021.1/arch/gcc-9.3.0/itk-5.1.2/lib] ==> [/usr/share/apps/2021.1/arch/gcc-9.3.0/itk-5.1.2/lib]
  collapse library dir [/usr/share/apps/2021.1/arch/gcc-9.3.0/libtiff-4.1.0/lib] ==> [/usr/share/apps/2021.1/arch/gcc-9.3.0/libtiff-4.1.0/lib]
  collapse library dir [/usr/share/apps/2021.1/arch/gcc-9.3.0/libpng-1.6.37/lib] ==> [/usr/share/apps/2021.1/arch/gcc-9.3.0/libpng-1.6.37/lib]
  collapse library dir [/usr/share/apps/2021.1/arch/gcc-9.3.0/libjpeg-turbo-2.0.6/lib64] ==> [/usr/share/apps/2021.1/arch/gcc-9.3.0/libjpeg-turbo-2.0.6/lib64]
  collapse library dir [/usr/share/apps/2021.1/arch/gcc-9.3.0/intel-mkl-2020.4.304/compilers_and_libraries_2020.4.304/linux/compiler/lib/intel64_lin] ==> [/usr/share/apps/2021.1/arch/gcc-9.3.0/intel-mkl-2020.4.304/compilers_and_libraries_2020.4.304/linux/compiler/lib/intel64_lin]
  collapse library dir [/usr/share/apps/2021.1/arch/gcc-9.3.0/intel-mkl-2020.4.304/compilers_and_libraries_2020.4.304/linux/mkl/lib/intel64_lin] ==> [/usr/share/apps/2021.1/arch/gcc-9.3.0/intel-mkl-2020.4.304/compilers_and_libraries_2020.4.304/linux/mkl/lib/intel64_lin]
  collapse library dir [/usr/share/apps/2021.1/arch/gcc-9.3.0/intel-mkl-2020.4.304/lib] ==> [/usr/share/apps/2021.1/arch/gcc-9.3.0/intel-mkl-2020.4.304/lib]
  collapse library dir [/usr/share/apps/2021.1/arch/gcc-9.3.0/hdf5-1.10.7-mpi/lib] ==> [/usr/share/apps/2021.1/arch/gcc-9.3.0/hdf5-1.10.7-mpi/lib]
  collapse library dir [/usr/share/apps/2021.1/arch/gcc-9.3.0/openmpi-4.0.5/lib] ==> [/usr/share/apps/2021.1/arch/gcc-9.3.0/openmpi-4.0.5/lib]
  collapse library dir [/usr/share/apps/2021.1/arch/gcc-9.3.0/libedit-3.1-20210216/lib] ==> [/usr/share/apps/2021.1/arch/gcc-9.3.0/libedit-3.1-20210216/lib]
  collapse library dir [/usr/share/apps/2021.1/arch/gcc-9.3.0/libfabric-1.12.1/lib] ==> [/usr/share/apps/2021.1/arch/gcc-9.3.0/libfabric-1.12.1/lib]
  collapse library dir [/usr/share/apps/2021.1/arch/gcc-9.3.0/ucx-1.10.0/lib] ==> [/usr/share/apps/2021.1/arch/gcc-9.3.0/ucx-1.10.0/lib]
  collapse library dir [/usr/share/apps/2021.1/arch/gcc-4.8.5/rdma-core-34.0/lib64] ==> [/usr/share/apps/2021.1/arch/gcc-4.8.5/rdma-core-34.0/lib64]
  collapse library dir [/usr/share/apps/2021.1/arch/gcc-4.8.5/rdma-core-34.0/lib] ==> [/usr/share/apps/2021.1/arch/gcc-4.8.5/rdma-core-34.0/lib]
  collapse library dir [/usr/share/apps/2021.1/arch/gcc-4.8.5/psm-3.3/lib64] ==> [/usr/share/apps/2021.1/arch/gcc-4.8.5/psm-3.3/lib64]
  collapse library dir [/usr/share/apps/2021.1/arch/gcc-4.8.5/opa-psm2-11.2.185/lib] ==> [/usr/share/apps/2021.1/arch/gcc-4.8.5/opa-psm2-11.2.185/lib]
  collapse library dir [/usr/share/apps/2021.1/arch/gcc-9.3.0/libevent-2.1.12/lib] ==> [/usr/share/apps/2021.1/arch/gcc-9.3.0/libevent-2.1.12/lib]
  collapse library dir [/usr/share/apps/2021.1/arch/gcc-9.3.0/hwloc-2.4.1/lib] ==> [/usr/share/apps/2021.1/arch/gcc-9.3.0/hwloc-2.4.1/lib]
  collapse library dir [/usr/share/apps/2021.1/arch/gcc-9.3.0/libxml2-2.9.10/lib] ==> [/usr/share/apps/2021.1/arch/gcc-9.3.0/libxml2-2.9.10/lib]
  collapse library dir [/usr/share/apps/2021.1/arch/gcc-9.3.0/xz-5.2.5/lib] ==> [/usr/share/apps/2021.1/arch/gcc-9.3.0/xz-5.2.5/lib]
  collapse library dir [/usr/share/apps/2021.1/arch/gcc-9.3.0/libiconv-1.16/lib] ==> [/usr/share/apps/2021.1/arch/gcc-9.3.0/libiconv-1.16/lib]
  collapse library dir [/usr/share/apps/2021.1/arch/gcc-9.3.0/libpciaccess-0.16/lib] ==> [/usr/share/apps/2021.1/arch/gcc-9.3.0/libpciaccess-0.16/lib]
  collapse library dir [/usr/share/apps/2021.1/arch/gcc-9.3.0/numactl-2.0.14/lib] ==> [/usr/share/apps/2021.1/arch/gcc-9.3.0/numactl-2.0.14/lib]
  collapse library dir [/usr/share/apps/2021.1/arch/gcc-9.3.0/libszip-2.1.1/lib] ==> [/usr/share/apps/2021.1/arch/gcc-9.3.0/libszip-2.1.1/lib]
  collapse library dir [/usr/share/apps/2021.1/arch/gcc-9.3.0/googletest-1.10.0/lib64] ==> [/usr/share/apps/2021.1/arch/gcc-9.3.0/googletest-1.10.0/lib64]
  collapse library dir [/usr/share/apps/2021.1/arch/gcc-9.3.0/expat-2.2.10/lib] ==> [/usr/share/apps/2021.1/arch/gcc-9.3.0/expat-2.2.10/lib]
  collapse library dir [/usr/share/apps/2021.1/arch/gcc-9.3.0/libbsd-0.10.0/lib] ==> [/usr/share/apps/2021.1/arch/gcc-9.3.0/libbsd-0.10.0/lib]
  collapse library dir [/usr/share/apps/2021.1/arch/gcc-9.3.0/openssl-1.1.1k/lib] ==> [/usr/share/apps/2021.1/arch/gcc-9.3.0/openssl-1.1.1k/lib]
  collapse library dir [/usr/share/apps/2021.1/arch/gcc-9.3.0/zlib-1.2.11/lib] ==> [/usr/share/apps/2021.1/arch/gcc-9.3.0/zlib-1.2.11/lib]
  collapse library dir [/usr/share/apps/2021.1/arch/gcc-9.3.0/ncurses-6.2/lib] ==> [/usr/share/apps/2021.1/arch/gcc-9.3.0/ncurses-6.2/lib]
  collapse library dir [/cvmfs/argon-private.hpc.uiowa.edu/ssoft/apps/2021.1/linux-centos7-x86_64/gcc-4.8.5/gcc-9.3.0-hcdyg64/bin/../lib/gcc/x86_64-pc-linux-gnu/9.3.0/../../..] ==> [/cvmfs/argon-private.hpc.uiowa.edu/ssoft/apps/2021.1/linux-centos7-x86_64/gcc-4.8.5/gcc-9.3.0-hcdyg64/lib]
  implicit libs: [stdc++;m;gcc_s;gcc;c;gcc_s;gcc]
  implicit dirs: [/cvmfs/argon-private.hpc.uiowa.edu/ssoft/apps/2021.1/linux-centos7-x86_64/gcc-4.8.5/gcc-9.3.0-hcdyg64/lib/gcc/x86_64-pc-linux-gnu/9.3.0;/cvmfs/argon-private.hpc.uiowa.edu/ssoft/apps/2021.1/linux-centos7-x86_64/gcc-4.8.5/gcc-9.3.0-hcdyg64/lib/gcc;/usr/share/apps/2021.1/arch/gcc-9.3.0/libjpeg-turbo-2.0.6/lib64;/usr/share/apps/2021.1/arch/gcc-4.8.5/rdma-core-34.0/lib64;/usr/share/apps/2021.1/arch/gcc-4.8.5/psm-3.3/lib64;/usr/share/apps/2021.1/arch/gcc-9.3.0/googletest-1.10.0/lib64;/cvmfs/argon-private.hpc.uiowa.edu/ssoft/apps/2021.1/linux-centos7-x86_64/gcc-4.8.5/gcc-9.3.0-hcdyg64/lib64;/lib64;/usr/lib64;/usr/share/apps/2021.1/arch/gcc-9.3.0/fftw-3.3.9/lib;/usr/share/apps/2021.1/arch/gcc-9.3.0/itk-5.1.2/lib;/usr/share/apps/2021.1/arch/gcc-9.3.0/libtiff-4.1.0/lib;/usr/share/apps/2021.1/arch/gcc-9.3.0/libpng-1.6.37/lib;/usr/share/apps/2021.1/arch/gcc-9.3.0/intel-mkl-2020.4.304/compilers_and_libraries_2020.4.304/linux/compiler/lib/intel64_lin;/usr/share/apps/2021.1/arch/gcc-9.3.0/intel-mkl-2020.4.304/compilers_and_libraries_2020.4.304/linux/mkl/lib/intel64_lin;/usr/share/apps/2021.1/arch/gcc-9.3.0/intel-mkl-2020.4.304/lib;/usr/share/apps/2021.1/arch/gcc-9.3.0/hdf5-1.10.7-mpi/lib;/usr/share/apps/2021.1/arch/gcc-9.3.0/openmpi-4.0.5/lib;/usr/share/apps/2021.1/arch/gcc-9.3.0/libedit-3.1-20210216/lib;/usr/share/apps/2021.1/arch/gcc-9.3.0/libfabric-1.12.1/lib;/usr/share/apps/2021.1/arch/gcc-9.3.0/ucx-1.10.0/lib;/usr/share/apps/2021.1/arch/gcc-4.8.5/rdma-core-34.0/lib;/usr/share/apps/2021.1/arch/gcc-4.8.5/opa-psm2-11.2.185/lib;/usr/share/apps/2021.1/arch/gcc-9.3.0/libevent-2.1.12/lib;/usr/share/apps/2021.1/arch/gcc-9.3.0/hwloc-2.4.1/lib;/usr/share/apps/2021.1/arch/gcc-9.3.0/libxml2-2.9.10/lib;/usr/share/apps/2021.1/arch/gcc-9.3.0/xz-5.2.5/lib;/usr/share/apps/2021.1/arch/gcc-9.3.0/libiconv-1.16/lib;/usr/share/apps/2021.1/arch/gcc-9.3.0/libpciaccess-0.16/lib;/usr/share/apps/2021.1/arch/gcc-9.3.0/numactl-2.0.14/lib;/usr/share/apps/2021.1/arch/gcc-9.3.0/libszip-2.1.1/lib;/usr/share/apps/2021.1/arch/gcc-9.3.0/expat-2.2.10/lib;/usr/share/apps/2021.1/arch/gcc-9.3.0/libbsd-0.10.0/lib;/usr/share/apps/2021.1/arch/gcc-9.3.0/openssl-1.1.1k/lib;/usr/share/apps/2021.1/arch/gcc-9.3.0/zlib-1.2.11/lib;/usr/share/apps/2021.1/arch/gcc-9.3.0/ncurses-6.2/lib;/cvmfs/argon-private.hpc.uiowa.edu/ssoft/apps/2021.1/linux-centos7-x86_64/gcc-4.8.5/gcc-9.3.0-hcdyg64/lib]
  implicit fwks: []


